{"C:\\Users\\aaa221105\\Desktop\\courierManagmentSystemWeb-main\\src\\App.jsx": {"path":"C:\\Users\\aaa221105\\Desktop\\courierManagmentSystemWeb-main\\src\\App.jsx","statementMap":{"0":{"start":{"line":13,"column":30},"end":{"line":13,"column":39}},"1":{"start":{"line":14,"column":19},"end":{"line":14,"column":32}},"2":{"start":{"line":16,"column":2},"end":{"line":18,"column":3}},"3":{"start":{"line":17,"column":4},"end":{"line":17,"column":70}},"4":{"start":{"line":20,"column":2},"end":{"line":20,"column":22}},"5":{"start":{"line":24,"column":19},"end":{"line":24,"column":28}},"6":{"start":{"line":26,"column":2},"end":{"line":28,"column":3}},"7":{"start":{"line":27,"column":4},"end":{"line":27,"column":19}},"8":{"start":{"line":30,"column":2},"end":{"line":30,"column":36}},"9":{"start":{"line":34,"column":2},"end":{"line":82,"column":3}},"10":{"start":{"line":86,"column":2},"end":{"line":90,"column":3}}},"fnMap":{"0":{"name":"ProtectedLayout","decl":{"start":{"line":12,"column":9},"end":{"line":12,"column":24}},"loc":{"start":{"line":12,"column":27},"end":{"line":21,"column":1}},"line":12},"1":{"name":"RoleGuard","decl":{"start":{"line":23,"column":9},"end":{"line":23,"column":18}},"loc":{"start":{"line":23,"column":40},"end":{"line":31,"column":1}},"line":23},"2":{"name":"AppRoutes","decl":{"start":{"line":33,"column":9},"end":{"line":33,"column":18}},"loc":{"start":{"line":33,"column":21},"end":{"line":83,"column":1}},"line":33},"3":{"name":"App","decl":{"start":{"line":85,"column":24},"end":{"line":85,"column":27}},"loc":{"start":{"line":85,"column":30},"end":{"line":91,"column":1}},"line":85}},"branchMap":{"0":{"loc":{"start":{"line":16,"column":2},"end":{"line":18,"column":3}},"type":"if","locations":[{"start":{"line":16,"column":2},"end":{"line":18,"column":3}},{"start":{},"end":{}}],"line":16},"1":{"loc":{"start":{"line":26,"column":2},"end":{"line":28,"column":3}},"type":"if","locations":[{"start":{"line":26,"column":2},"end":{"line":28,"column":3}},{"start":{},"end":{}}],"line":26},"2":{"loc":{"start":{"line":26,"column":6},"end":{"line":26,"column":42}},"type":"binary-expr","locations":[{"start":{"line":26,"column":6},"end":{"line":26,"column":12}},{"start":{"line":26,"column":16},"end":{"line":26,"column":42}}],"line":26}},"s":{"0":0,"1":0,"2":0,"3":0,"4":0,"5":0,"6":0,"7":0,"8":0,"9":0,"10":0},"f":{"0":0,"1":0,"2":0,"3":0},"b":{"0":[0,0],"1":[0,0],"2":[0,0]}}
,"C:\\Users\\aaa221105\\Desktop\\courierManagmentSystemWeb-main\\src\\constants.js": {"path":"C:\\Users\\aaa221105\\Desktop\\courierManagmentSystemWeb-main\\src\\constants.js","statementMap":{"0":{"start":{"line":1,"column":20},"end":{"line":1,"column":21}},"1":{"start":{"line":2,"column":19},"end":{"line":2,"column":23}},"2":{"start":{"line":3,"column":18},"end":{"line":3,"column":20}},"3":{"start":{"line":4,"column":23},"end":{"line":4,"column":26}},"4":{"start":{"line":6,"column":27},"end":{"line":6,"column":31}},"5":{"start":{"line":7,"column":24},"end":{"line":7,"column":51}},"6":{"start":{"line":8,"column":30},"end":{"line":8,"column":37}},"7":{"start":{"line":9,"column":27},"end":{"line":9,"column":39}},"8":{"start":{"line":10,"column":27},"end":{"line":10,"column":34}},"9":{"start":{"line":12,"column":32},"end":{"line":12,"column":46}},"10":{"start":{"line":13,"column":33},"end":{"line":13,"column":43}},"11":{"start":{"line":15,"column":33},"end":{"line":20,"column":1}},"12":{"start":{"line":22,"column":35},"end":{"line":27,"column":1}},"13":{"start":{"line":29,"column":31},"end":{"line":34,"column":1}},"14":{"start":{"line":36,"column":26},"end":{"line":40,"column":1}},"15":{"start":{"line":42,"column":29},"end":{"line":46,"column":1}},"16":{"start":{"line":48,"column":24},"end":{"line":53,"column":1}},"17":{"start":{"line":55,"column":30},"end":{"line":61,"column":1}},"18":{"start":{"line":63,"column":24},"end":{"line":68,"column":1}},"19":{"start":{"line":70,"column":26},"end":{"line":74,"column":1}}},"fnMap":{},"branchMap":{},"s":{"0":0,"1":0,"2":0,"3":0,"4":0,"5":0,"6":0,"7":0,"8":0,"9":0,"10":0,"11":0,"12":0,"13":0,"14":0,"15":0,"16":0,"17":0,"18":0,"19":0},"f":{},"b":{}}
,"C:\\Users\\aaa221105\\Desktop\\courierManagmentSystemWeb-main\\src\\api\\client.js": {"path":"C:\\Users\\aaa221105\\Desktop\\courierManagmentSystemWeb-main\\src\\api\\client.js","statementMap":{"0":{"start":{"line":1,"column":16},"end":{"line":1,"column":71}},"1":{"start":{"line":3,"column":20},"end":{"line":3,"column":50}},"2":{"start":{"line":4,"column":23},"end":{"line":4,"column":55}},"3":{"start":{"line":6,"column":24},"end":{"line":6,"column":29}},"4":{"start":{"line":7,"column":24},"end":{"line":7,"column":25}},"5":{"start":{"line":8,"column":20},"end":{"line":8,"column":24}},"6":{"start":{"line":11,"column":2},"end":{"line":11,"column":56}},"7":{"start":{"line":11,"column":32},"end":{"line":11,"column":55}},"8":{"start":{"line":16,"column":2},"end":{"line":23,"column":3}},"9":{"start":{"line":16,"column":15},"end":{"line":16,"column":16}},"10":{"start":{"line":17,"column":4},"end":{"line":22,"column":5}},"11":{"start":{"line":18,"column":6},"end":{"line":18,"column":23}},"12":{"start":{"line":20,"column":6},"end":{"line":20,"column":23}},"13":{"start":{"line":21,"column":6},"end":{"line":21,"column":40}},"14":{"start":{"line":24,"column":2},"end":{"line":24,"column":17}},"15":{"start":{"line":30,"column":2},"end":{"line":32,"column":3}},"16":{"start":{"line":31,"column":4},"end":{"line":31,"column":53}},"17":{"start":{"line":36,"column":2},"end":{"line":38,"column":3}},"18":{"start":{"line":37,"column":4},"end":{"line":37,"column":58}},"19":{"start":{"line":49,"column":6},"end":{"line":49,"column":13}},"20":{"start":{"line":51,"column":20},"end":{"line":51,"column":59}},"21":{"start":{"line":52,"column":20},"end":{"line":52,"column":30}},"22":{"start":{"line":54,"column":14},"end":{"line":54,"column":45}},"23":{"start":{"line":55,"column":15},"end":{"line":62,"column":3}},"24":{"start":{"line":64,"column":2},"end":{"line":66,"column":3}},"25":{"start":{"line":65,"column":4},"end":{"line":65,"column":50}},"26":{"start":{"line":68,"column":2},"end":{"line":73,"column":3}},"27":{"start":{"line":69,"column":4},"end":{"line":69,"column":20}},"28":{"start":{"line":70,"column":9},"end":{"line":73,"column":3}},"29":{"start":{"line":71,"column":4},"end":{"line":71,"column":53}},"30":{"start":{"line":72,"column":4},"end":{"line":72,"column":36}},"31":{"start":{"line":75,"column":19},"end":{"line":75,"column":41}},"32":{"start":{"line":76,"column":15},"end":{"line":76,"column":36}},"33":{"start":{"line":77,"column":16},"end":{"line":77,"column":20}},"34":{"start":{"line":79,"column":19},"end":{"line":79,"column":41}},"35":{"start":{"line":81,"column":2},"end":{"line":87,"column":3}},"36":{"start":{"line":82,"column":4},"end":{"line":86,"column":5}},"37":{"start":{"line":83,"column":6},"end":{"line":83,"column":32}},"38":{"start":{"line":85,"column":6},"end":{"line":85,"column":20}},"39":{"start":{"line":89,"column":2},"end":{"line":99,"column":3}},"40":{"start":{"line":90,"column":18},"end":{"line":94,"column":5}},"41":{"start":{"line":95,"column":4},"end":{"line":95,"column":34}},"42":{"start":{"line":96,"column":4},"end":{"line":96,"column":27}},"43":{"start":{"line":97,"column":4},"end":{"line":97,"column":31}},"44":{"start":{"line":98,"column":4},"end":{"line":98,"column":15}},"45":{"start":{"line":101,"column":2},"end":{"line":101,"column":16}},"46":{"start":{"line":105,"column":2},"end":{"line":105,"column":51}},"47":{"start":{"line":109,"column":2},"end":{"line":109,"column":58}},"48":{"start":{"line":113,"column":2},"end":{"line":113,"column":57}},"49":{"start":{"line":117,"column":2},"end":{"line":117,"column":54}}},"fnMap":{"0":{"name":"sleep","decl":{"start":{"line":10,"column":9},"end":{"line":10,"column":14}},"loc":{"start":{"line":10,"column":19},"end":{"line":12,"column":1}},"line":10},"1":{"name":"(anonymous_1)","decl":{"start":{"line":11,"column":21},"end":{"line":11,"column":22}},"loc":{"start":{"line":11,"column":32},"end":{"line":11,"column":55}},"line":11},"2":{"name":"withRetry","decl":{"start":{"line":14,"column":15},"end":{"line":14,"column":24}},"loc":{"start":{"line":14,"column":56},"end":{"line":25,"column":1}},"line":14},"3":{"name":"logRequest","decl":{"start":{"line":29,"column":9},"end":{"line":29,"column":19}},"loc":{"start":{"line":29,"column":39},"end":{"line":33,"column":1}},"line":29},"4":{"name":"logResponse","decl":{"start":{"line":35,"column":9},"end":{"line":35,"column":20}},"loc":{"start":{"line":35,"column":40},"end":{"line":39,"column":1}},"line":35},"5":{"name":"apiRequest","decl":{"start":{"line":41,"column":22},"end":{"line":41,"column":32}},"loc":{"start":{"line":41,"column":53},"end":{"line":102,"column":1}},"line":41},"6":{"name":"apiGet","decl":{"start":{"line":104,"column":15},"end":{"line":104,"column":21}},"loc":{"start":{"line":104,"column":35},"end":{"line":106,"column":1}},"line":104},"7":{"name":"apiPost","decl":{"start":{"line":108,"column":15},"end":{"line":108,"column":22}},"loc":{"start":{"line":108,"column":42},"end":{"line":110,"column":1}},"line":108},"8":{"name":"apiPut","decl":{"start":{"line":112,"column":15},"end":{"line":112,"column":21}},"loc":{"start":{"line":112,"column":41},"end":{"line":114,"column":1}},"line":112},"9":{"name":"apiDelete","decl":{"start":{"line":116,"column":15},"end":{"line":116,"column":24}},"loc":{"start":{"line":116,"column":38},"end":{"line":118,"column":1}},"line":116}},"branchMap":{"0":{"loc":{"start":{"line":1,"column":16},"end":{"line":1,"column":71}},"type":"binary-expr","locations":[{"start":{"line":1,"column":16},"end":{"line":1,"column":44}},{"start":{"line":1,"column":48},"end":{"line":1,"column":71}}],"line":1},"1":{"loc":{"start":{"line":14,"column":29},"end":{"line":14,"column":54}},"type":"default-arg","locations":[{"start":{"line":14,"column":39},"end":{"line":14,"column":54}}],"line":14},"2":{"loc":{"start":{"line":30,"column":2},"end":{"line":32,"column":3}},"type":"if","locations":[{"start":{"line":30,"column":2},"end":{"line":32,"column":3}},{"start":{},"end":{}}],"line":30},"3":{"loc":{"start":{"line":31,"column":42},"end":{"line":31,"column":52}},"type":"binary-expr","locations":[{"start":{"line":31,"column":42},"end":{"line":31,"column":46}},{"start":{"line":31,"column":50},"end":{"line":31,"column":52}}],"line":31},"4":{"loc":{"start":{"line":36,"column":2},"end":{"line":38,"column":3}},"type":"if","locations":[{"start":{"line":36,"column":2},"end":{"line":38,"column":3}},{"start":{},"end":{}}],"line":36},"5":{"loc":{"start":{"line":41,"column":39},"end":{"line":41,"column":51}},"type":"default-arg","locations":[{"start":{"line":41,"column":49},"end":{"line":41,"column":51}}],"line":41},"6":{"loc":{"start":{"line":43,"column":4},"end":{"line":43,"column":18}},"type":"default-arg","locations":[{"start":{"line":43,"column":13},"end":{"line":43,"column":18}}],"line":43},"7":{"loc":{"start":{"line":47,"column":4},"end":{"line":47,"column":16}},"type":"default-arg","locations":[{"start":{"line":47,"column":14},"end":{"line":47,"column":16}}],"line":47},"8":{"loc":{"start":{"line":48,"column":4},"end":{"line":48,"column":29}},"type":"default-arg","locations":[{"start":{"line":48,"column":14},"end":{"line":48,"column":29}}],"line":48},"9":{"loc":{"start":{"line":64,"column":2},"end":{"line":66,"column":3}},"type":"if","locations":[{"start":{"line":64,"column":2},"end":{"line":66,"column":3}},{"start":{},"end":{}}],"line":64},"10":{"loc":{"start":{"line":68,"column":2},"end":{"line":73,"column":3}},"type":"if","locations":[{"start":{"line":68,"column":2},"end":{"line":73,"column":3}},{"start":{"line":70,"column":9},"end":{"line":73,"column":3}}],"line":68},"11":{"loc":{"start":{"line":70,"column":9},"end":{"line":73,"column":3}},"type":"if","locations":[{"start":{"line":70,"column":9},"end":{"line":73,"column":3}},{"start":{},"end":{}}],"line":70},"12":{"loc":{"start":{"line":70,"column":13},"end":{"line":70,"column":48}},"type":"binary-expr","locations":[{"start":{"line":70,"column":13},"end":{"line":70,"column":31}},{"start":{"line":70,"column":35},"end":{"line":70,"column":48}}],"line":70},"13":{"loc":{"start":{"line":81,"column":2},"end":{"line":87,"column":3}},"type":"if","locations":[{"start":{"line":81,"column":2},"end":{"line":87,"column":3}},{"start":{},"end":{}}],"line":81},"14":{"loc":{"start":{"line":89,"column":2},"end":{"line":99,"column":3}},"type":"if","locations":[{"start":{"line":89,"column":2},"end":{"line":99,"column":3}},{"start":{},"end":{}}],"line":89},"15":{"loc":{"start":{"line":91,"column":6},"end":{"line":93,"column":59}},"type":"binary-expr","locations":[{"start":{"line":91,"column":6},"end":{"line":91,"column":22}},{"start":{"line":92,"column":8},"end":{"line":92,"column":22}},{"start":{"line":93,"column":8},"end":{"line":93,"column":59}}],"line":91}},"s":{"0":0,"1":0,"2":0,"3":0,"4":0,"5":0,"6":0,"7":0,"8":0,"9":0,"10":0,"11":0,"12":0,"13":0,"14":0,"15":0,"16":0,"17":0,"18":0,"19":0,"20":0,"21":0,"22":0,"23":0,"24":0,"25":0,"26":0,"27":0,"28":0,"29":0,"30":0,"31":0,"32":0,"33":0,"34":0,"35":0,"36":0,"37":0,"38":0,"39":0,"40":0,"41":0,"42":0,"43":0,"44":0,"45":0,"46":0,"47":0,"48":0,"49":0},"f":{"0":0,"1":0,"2":0,"3":0,"4":0,"5":0,"6":0,"7":0,"8":0,"9":0},"b":{"0":[0,0],"1":[0],"2":[0,0],"3":[0,0],"4":[0,0],"5":[0],"6":[0],"7":[0],"8":[0],"9":[0,0],"10":[0,0],"11":[0,0],"12":[0,0],"13":[0,0],"14":[0,0],"15":[0,0,0]}}
,"C:\\Users\\aaa221105\\Desktop\\courierManagmentSystemWeb-main\\src\\api\\endpoints.js": {"path":"C:\\Users\\aaa221105\\Desktop\\courierManagmentSystemWeb-main\\src\\api\\endpoints.js","statementMap":{"0":{"start":{"line":4,"column":19},"end":{"line":4,"column":28}},"1":{"start":{"line":5,"column":23},"end":{"line":5,"column":32}},"2":{"start":{"line":7,"column":19},"end":{"line":169,"column":1}},"3":{"start":{"line":10,"column":6},"end":{"line":13,"column":8}},"4":{"start":{"line":15,"column":6},"end":{"line":19,"column":8}},"5":{"start":{"line":21,"column":6},"end":{"line":25,"column":8}},"6":{"start":{"line":27,"column":6},"end":{"line":30,"column":8}},"7":{"start":{"line":34,"column":6},"end":{"line":36,"column":8}},"8":{"start":{"line":38,"column":6},"end":{"line":42,"column":8}},"9":{"start":{"line":44,"column":6},"end":{"line":48,"column":8}},"10":{"start":{"line":50,"column":6},"end":{"line":53,"column":8}},"11":{"start":{"line":57,"column":6},"end":{"line":59,"column":8}},"12":{"start":{"line":61,"column":6},"end":{"line":65,"column":8}},"13":{"start":{"line":67,"column":6},"end":{"line":71,"column":8}},"14":{"start":{"line":73,"column":6},"end":{"line":76,"column":8}},"15":{"start":{"line":80,"column":6},"end":{"line":83,"column":8}},"16":{"start":{"line":85,"column":6},"end":{"line":87,"column":8}},"17":{"start":{"line":89,"column":6},"end":{"line":93,"column":8}},"18":{"start":{"line":95,"column":6},"end":{"line":99,"column":8}},"19":{"start":{"line":101,"column":6},"end":{"line":104,"column":8}},"20":{"start":{"line":106,"column":6},"end":{"line":110,"column":8}},"21":{"start":{"line":114,"column":6},"end":{"line":117,"column":8}},"22":{"start":{"line":119,"column":6},"end":{"line":121,"column":8}},"23":{"start":{"line":125,"column":6},"end":{"line":129,"column":8}},"24":{"start":{"line":133,"column":6},"end":{"line":133,"column":45}},"25":{"start":{"line":135,"column":6},"end":{"line":135,"column":48}},"26":{"start":{"line":137,"column":6},"end":{"line":141,"column":8}},"27":{"start":{"line":145,"column":6},"end":{"line":148,"column":8}},"28":{"start":{"line":150,"column":6},"end":{"line":153,"column":8}},"29":{"start":{"line":157,"column":6},"end":{"line":157,"column":45}},"30":{"start":{"line":159,"column":6},"end":{"line":162,"column":8}},"31":{"start":{"line":164,"column":6},"end":{"line":167,"column":8}},"32":{"start":{"line":171,"column":22},"end":{"line":175,"column":1}},"33":{"start":{"line":172,"column":25},"end":{"line":172,"column":60}},"34":{"start":{"line":173,"column":28},"end":{"line":173,"column":66}},"35":{"start":{"line":174,"column":30},"end":{"line":174,"column":70}},"36":{"start":{"line":178,"column":2},"end":{"line":178,"column":35}},"37":{"start":{"line":182,"column":2},"end":{"line":182,"column":30}}},"fnMap":{"0":{"name":"(anonymous_0)","decl":{"start":{"line":9,"column":10},"end":{"line":9,"column":11}},"loc":{"start":{"line":10,"column":6},"end":{"line":13,"column":8}},"line":10},"1":{"name":"(anonymous_1)","decl":{"start":{"line":14,"column":12},"end":{"line":14,"column":13}},"loc":{"start":{"line":15,"column":6},"end":{"line":19,"column":8}},"line":15},"2":{"name":"(anonymous_2)","decl":{"start":{"line":20,"column":12},"end":{"line":20,"column":13}},"loc":{"start":{"line":21,"column":6},"end":{"line":25,"column":8}},"line":21},"3":{"name":"(anonymous_3)","decl":{"start":{"line":26,"column":12},"end":{"line":26,"column":13}},"loc":{"start":{"line":27,"column":6},"end":{"line":30,"column":8}},"line":27},"4":{"name":"(anonymous_4)","decl":{"start":{"line":33,"column":10},"end":{"line":33,"column":11}},"loc":{"start":{"line":34,"column":6},"end":{"line":36,"column":8}},"line":34},"5":{"name":"(anonymous_5)","decl":{"start":{"line":37,"column":12},"end":{"line":37,"column":13}},"loc":{"start":{"line":38,"column":6},"end":{"line":42,"column":8}},"line":38},"6":{"name":"(anonymous_6)","decl":{"start":{"line":43,"column":12},"end":{"line":43,"column":13}},"loc":{"start":{"line":44,"column":6},"end":{"line":48,"column":8}},"line":44},"7":{"name":"(anonymous_7)","decl":{"start":{"line":49,"column":12},"end":{"line":49,"column":13}},"loc":{"start":{"line":50,"column":6},"end":{"line":53,"column":8}},"line":50},"8":{"name":"(anonymous_8)","decl":{"start":{"line":56,"column":10},"end":{"line":56,"column":11}},"loc":{"start":{"line":57,"column":6},"end":{"line":59,"column":8}},"line":57},"9":{"name":"(anonymous_9)","decl":{"start":{"line":60,"column":12},"end":{"line":60,"column":13}},"loc":{"start":{"line":61,"column":6},"end":{"line":65,"column":8}},"line":61},"10":{"name":"(anonymous_10)","decl":{"start":{"line":66,"column":12},"end":{"line":66,"column":13}},"loc":{"start":{"line":67,"column":6},"end":{"line":71,"column":8}},"line":67},"11":{"name":"(anonymous_11)","decl":{"start":{"line":72,"column":12},"end":{"line":72,"column":13}},"loc":{"start":{"line":73,"column":6},"end":{"line":76,"column":8}},"line":73},"12":{"name":"(anonymous_12)","decl":{"start":{"line":79,"column":10},"end":{"line":79,"column":11}},"loc":{"start":{"line":80,"column":6},"end":{"line":83,"column":8}},"line":80},"13":{"name":"(anonymous_13)","decl":{"start":{"line":84,"column":9},"end":{"line":84,"column":10}},"loc":{"start":{"line":85,"column":6},"end":{"line":87,"column":8}},"line":85},"14":{"name":"(anonymous_14)","decl":{"start":{"line":88,"column":12},"end":{"line":88,"column":13}},"loc":{"start":{"line":89,"column":6},"end":{"line":93,"column":8}},"line":89},"15":{"name":"(anonymous_15)","decl":{"start":{"line":94,"column":12},"end":{"line":94,"column":13}},"loc":{"start":{"line":95,"column":6},"end":{"line":99,"column":8}},"line":95},"16":{"name":"(anonymous_16)","decl":{"start":{"line":100,"column":12},"end":{"line":100,"column":13}},"loc":{"start":{"line":101,"column":6},"end":{"line":104,"column":8}},"line":101},"17":{"name":"(anonymous_17)","decl":{"start":{"line":105,"column":14},"end":{"line":105,"column":15}},"loc":{"start":{"line":106,"column":6},"end":{"line":110,"column":8}},"line":106},"18":{"name":"(anonymous_18)","decl":{"start":{"line":113,"column":10},"end":{"line":113,"column":11}},"loc":{"start":{"line":114,"column":6},"end":{"line":117,"column":8}},"line":114},"19":{"name":"(anonymous_19)","decl":{"start":{"line":118,"column":9},"end":{"line":118,"column":10}},"loc":{"start":{"line":119,"column":6},"end":{"line":121,"column":8}},"line":119},"20":{"name":"(anonymous_20)","decl":{"start":{"line":124,"column":15},"end":{"line":124,"column":16}},"loc":{"start":{"line":125,"column":6},"end":{"line":129,"column":8}},"line":125},"21":{"name":"(anonymous_21)","decl":{"start":{"line":132,"column":15},"end":{"line":132,"column":16}},"loc":{"start":{"line":133,"column":6},"end":{"line":133,"column":45}},"line":133},"22":{"name":"(anonymous_22)","decl":{"start":{"line":134,"column":18},"end":{"line":134,"column":19}},"loc":{"start":{"line":135,"column":6},"end":{"line":135,"column":48}},"line":135},"23":{"name":"(anonymous_23)","decl":{"start":{"line":136,"column":14},"end":{"line":136,"column":15}},"loc":{"start":{"line":137,"column":6},"end":{"line":141,"column":8}},"line":137},"24":{"name":"(anonymous_24)","decl":{"start":{"line":144,"column":14},"end":{"line":144,"column":15}},"loc":{"start":{"line":145,"column":6},"end":{"line":148,"column":8}},"line":145},"25":{"name":"(anonymous_25)","decl":{"start":{"line":149,"column":15},"end":{"line":149,"column":16}},"loc":{"start":{"line":150,"column":6},"end":{"line":153,"column":8}},"line":150},"26":{"name":"(anonymous_26)","decl":{"start":{"line":156,"column":10},"end":{"line":156,"column":11}},"loc":{"start":{"line":157,"column":6},"end":{"line":157,"column":45}},"line":157},"27":{"name":"(anonymous_27)","decl":{"start":{"line":158,"column":14},"end":{"line":158,"column":15}},"loc":{"start":{"line":159,"column":6},"end":{"line":162,"column":8}},"line":159},"28":{"name":"(anonymous_28)","decl":{"start":{"line":163,"column":17},"end":{"line":163,"column":18}},"loc":{"start":{"line":164,"column":6},"end":{"line":167,"column":8}},"line":164},"29":{"name":"(anonymous_29)","decl":{"start":{"line":172,"column":14},"end":{"line":172,"column":15}},"loc":{"start":{"line":172,"column":25},"end":{"line":172,"column":60}},"line":172},"30":{"name":"(anonymous_30)","decl":{"start":{"line":173,"column":17},"end":{"line":173,"column":18}},"loc":{"start":{"line":173,"column":28},"end":{"line":173,"column":66}},"line":173},"31":{"name":"(anonymous_31)","decl":{"start":{"line":174,"column":19},"end":{"line":174,"column":20}},"loc":{"start":{"line":174,"column":30},"end":{"line":174,"column":70}},"line":174},"32":{"name":"buildEndpoint","decl":{"start":{"line":177,"column":16},"end":{"line":177,"column":29}},"loc":{"start":{"line":177,"column":46},"end":{"line":179,"column":1}},"line":177},"33":{"name":"withAuth","decl":{"start":{"line":181,"column":16},"end":{"line":181,"column":24}},"loc":{"start":{"line":181,"column":41},"end":{"line":183,"column":1}},"line":181}},"branchMap":{"0":{"loc":{"start":{"line":12,"column":16},"end":{"line":12,"column":43}},"type":"cond-expr","locations":[{"start":{"line":12,"column":23},"end":{"line":12,"column":31}},{"start":{"line":12,"column":34},"end":{"line":12,"column":43}}],"line":12}},"s":{"0":0,"1":0,"2":0,"3":0,"4":0,"5":0,"6":0,"7":0,"8":0,"9":0,"10":0,"11":0,"12":0,"13":0,"14":0,"15":0,"16":0,"17":0,"18":0,"19":0,"20":0,"21":0,"22":0,"23":0,"24":0,"25":0,"26":0,"27":0,"28":0,"29":0,"30":0,"31":0,"32":0,"33":0,"34":0,"35":0,"36":0,"37":0},"f":{"0":0,"1":0,"2":0,"3":0,"4":0,"5":0,"6":0,"7":0,"8":0,"9":0,"10":0,"11":0,"12":0,"13":0,"14":0,"15":0,"16":0,"17":0,"18":0,"19":0,"20":0,"21":0,"22":0,"23":0,"24":0,"25":0,"26":0,"27":0,"28":0,"29":0,"30":0,"31":0,"32":0,"33":0},"b":{"0":[0,0]}}
,"C:\\Users\\aaa221105\\Desktop\\courierManagmentSystemWeb-main\\src\\components\\deliveries\\DeliveryDetails.jsx": {"path":"C:\\Users\\aaa221105\\Desktop\\courierManagmentSystemWeb-main\\src\\components\\deliveries\\DeliveryDetails.jsx","statementMap":{"0":{"start":{"line":4,"column":2},"end":{"line":4,"column":28}},"1":{"start":{"line":4,"column":17},"end":{"line":4,"column":28}},"2":{"start":{"line":6,"column":2},"end":{"line":66,"column":3}},"3":{"start":{"line":47,"column":12},"end":{"line":61,"column":17}},"4":{"start":{"line":56,"column":18},"end":{"line":58,"column":23}}},"fnMap":{"0":{"name":"DeliveryDetails","decl":{"start":{"line":3,"column":24},"end":{"line":3,"column":39}},"loc":{"start":{"line":3,"column":63},"end":{"line":67,"column":1}},"line":3},"1":{"name":"(anonymous_1)","decl":{"start":{"line":46,"column":39},"end":{"line":46,"column":40}},"loc":{"start":{"line":47,"column":12},"end":{"line":61,"column":17}},"line":47},"2":{"name":"(anonymous_2)","decl":{"start":{"line":55,"column":36},"end":{"line":55,"column":37}},"loc":{"start":{"line":56,"column":18},"end":{"line":58,"column":23}},"line":56}},"branchMap":{"0":{"loc":{"start":{"line":4,"column":2},"end":{"line":4,"column":28}},"type":"if","locations":[{"start":{"line":4,"column":2},"end":{"line":4,"column":28}},{"start":{},"end":{}}],"line":4},"1":{"loc":{"start":{"line":11,"column":15},"end":{"line":11,"column":62}},"type":"binary-expr","locations":[{"start":{"line":11,"column":15},"end":{"line":11,"column":38}},{"start":{"line":11,"column":42},"end":{"line":11,"column":62}}],"line":11},"2":{"loc":{"start":{"line":13,"column":9},"end":{"line":17,"column":9}},"type":"binary-expr","locations":[{"start":{"line":13,"column":9},"end":{"line":13,"column":16}},{"start":{"line":14,"column":10},"end":{"line":16,"column":19}}],"line":13}},"s":{"0":0,"1":0,"2":0,"3":0,"4":0},"f":{"0":0,"1":0,"2":0},"b":{"0":[0,0],"1":[0,0],"2":[0,0]}}
,"C:\\Users\\aaa221105\\Desktop\\courierManagmentSystemWeb-main\\src\\components\\layout\\AppLayout.jsx": {"path":"C:\\Users\\aaa221105\\Desktop\\courierManagmentSystemWeb-main\\src\\components\\layout\\AppLayout.jsx","statementMap":{"0":{"start":{"line":5,"column":17},"end":{"line":12,"column":1}},"1":{"start":{"line":14,"column":19},"end":{"line":18,"column":1}},"2":{"start":{"line":21,"column":27},"end":{"line":21,"column":36}},"3":{"start":{"line":22,"column":19},"end":{"line":22,"column":32}},"4":{"start":{"line":23,"column":19},"end":{"line":23,"column":32}},"5":{"start":{"line":25,"column":23},"end":{"line":27,"column":18}},"6":{"start":{"line":26,"column":4},"end":{"line":26,"column":69}},"7":{"start":{"line":26,"column":37},"end":{"line":26,"column":68}},"8":{"start":{"line":30,"column":4},"end":{"line":31,"column":23}},"9":{"start":{"line":30,"column":32},"end":{"line":30,"column":63}},"10":{"start":{"line":33,"column":23},"end":{"line":36,"column":3}},"11":{"start":{"line":34,"column":4},"end":{"line":34,"column":12}},"12":{"start":{"line":35,"column":4},"end":{"line":35,"column":22}},"13":{"start":{"line":38,"column":2},"end":{"line":80,"column":3}},"14":{"start":{"line":47,"column":12},"end":{"line":55,"column":22}},"15":{"start":{"line":51,"column":16},"end":{"line":51,"column":58}}},"fnMap":{"0":{"name":"AppLayout","decl":{"start":{"line":20,"column":24},"end":{"line":20,"column":33}},"loc":{"start":{"line":20,"column":36},"end":{"line":81,"column":1}},"line":20},"1":{"name":"(anonymous_1)","decl":{"start":{"line":25,"column":31},"end":{"line":25,"column":32}},"loc":{"start":{"line":25,"column":37},"end":{"line":27,"column":3}},"line":25},"2":{"name":"(anonymous_2)","decl":{"start":{"line":26,"column":27},"end":{"line":26,"column":28}},"loc":{"start":{"line":26,"column":37},"end":{"line":26,"column":68}},"line":26},"3":{"name":"(anonymous_3)","decl":{"start":{"line":30,"column":22},"end":{"line":30,"column":23}},"loc":{"start":{"line":30,"column":32},"end":{"line":30,"column":63}},"line":30},"4":{"name":"(anonymous_4)","decl":{"start":{"line":33,"column":23},"end":{"line":33,"column":24}},"loc":{"start":{"line":33,"column":29},"end":{"line":36,"column":3}},"line":33},"5":{"name":"(anonymous_5)","decl":{"start":{"line":46,"column":28},"end":{"line":46,"column":29}},"loc":{"start":{"line":47,"column":12},"end":{"line":55,"column":22}},"line":47},"6":{"name":"(anonymous_6)","decl":{"start":{"line":50,"column":25},"end":{"line":50,"column":26}},"loc":{"start":{"line":51,"column":16},"end":{"line":51,"column":58}},"line":51}},"branchMap":{"0":{"loc":{"start":{"line":30,"column":4},"end":{"line":31,"column":23}},"type":"binary-expr","locations":[{"start":{"line":30,"column":4},"end":{"line":30,"column":71}},{"start":{"line":31,"column":4},"end":{"line":31,"column":23}}],"line":30},"1":{"loc":{"start":{"line":51,"column":31},"end":{"line":51,"column":56}},"type":"cond-expr","locations":[{"start":{"line":51,"column":42},"end":{"line":51,"column":51}},{"start":{"line":51,"column":54},"end":{"line":51,"column":56}}],"line":51},"2":{"loc":{"start":{"line":62,"column":42},"end":{"line":62,"column":70}},"type":"binary-expr","locations":[{"start":{"line":62,"column":42},"end":{"line":62,"column":64}},{"start":{"line":62,"column":68},"end":{"line":62,"column":70}}],"line":62}},"s":{"0":0,"1":0,"2":0,"3":0,"4":0,"5":0,"6":0,"7":0,"8":0,"9":0,"10":0,"11":0,"12":0,"13":0,"14":0,"15":0},"f":{"0":0,"1":0,"2":0,"3":0,"4":0,"5":0,"6":0},"b":{"0":[0,0],"1":[0,0],"2":[0,0]}}
,"C:\\Users\\aaa221105\\Desktop\\courierManagmentSystemWeb-main\\src\\pages\\CourierDeliveriesPage.jsx": {"path":"C:\\Users\\aaa221105\\Desktop\\courierManagmentSystemWeb-main\\src\\pages\\CourierDeliveriesPage.jsx","statementMap":{"0":{"start":{"line":9,"column":30},"end":{"line":9,"column":35}},"1":{"start":{"line":10,"column":31},"end":{"line":10,"column":33}},"2":{"start":{"line":11,"column":27},"end":{"line":11,"column":53}},"3":{"start":{"line":15,"column":17},"end":{"line":20,"column":3}},"4":{"start":{"line":21,"column":2},"end":{"line":21,"column":36}},"5":{"start":{"line":25,"column":21},"end":{"line":30,"column":3}},"6":{"start":{"line":31,"column":2},"end":{"line":31,"column":32}},"7":{"start":{"line":36,"column":2},"end":{"line":38,"column":3}},"8":{"start":{"line":37,"column":4},"end":{"line":37,"column":61}},"9":{"start":{"line":43,"column":16},"end":{"line":43,"column":53}},"10":{"start":{"line":44,"column":2},"end":{"line":44,"column":57}},"11":{"start":{"line":44,"column":32},"end":{"line":44,"column":56}},"12":{"start":{"line":49,"column":2},"end":{"line":54,"column":8}},"13":{"start":{"line":50,"column":17},"end":{"line":50,"column":38}},"14":{"start":{"line":51,"column":4},"end":{"line":51,"column":40}},"15":{"start":{"line":51,"column":23},"end":{"line":51,"column":40}},"16":{"start":{"line":52,"column":4},"end":{"line":52,"column":31}},"17":{"start":{"line":53,"column":4},"end":{"line":53,"column":17}},"18":{"start":{"line":58,"column":20},"end":{"line":58,"column":29}},"19":{"start":{"line":59,"column":38},"end":{"line":59,"column":50}},"20":{"start":{"line":60,"column":32},"end":{"line":60,"column":46}},"21":{"start":{"line":61,"column":28},"end":{"line":61,"column":42}},"22":{"start":{"line":62,"column":32},"end":{"line":67,"column":4}},"23":{"start":{"line":68,"column":38},"end":{"line":68,"column":55}},"24":{"start":{"line":69,"column":50},"end":{"line":69,"column":64}},"25":{"start":{"line":70,"column":44},"end":{"line":70,"column":59}},"26":{"start":{"line":71,"column":40},"end":{"line":71,"column":54}},"27":{"start":{"line":74,"column":40},"end":{"line":74,"column":55}},"28":{"start":{"line":75,"column":40},"end":{"line":75,"column":60}},"29":{"start":{"line":76,"column":34},"end":{"line":76,"column":50}},"30":{"start":{"line":77,"column":30},"end":{"line":77,"column":46}},"31":{"start":{"line":78,"column":44},"end":{"line":78,"column":56}},"32":{"start":{"line":81,"column":27},"end":{"line":83,"column":18}},"33":{"start":{"line":82,"column":4},"end":{"line":82,"column":45}},"34":{"start":{"line":85,"column":26},"end":{"line":87,"column":18}},"35":{"start":{"line":86,"column":4},"end":{"line":86,"column":44}},"36":{"start":{"line":89,"column":28},"end":{"line":91,"column":18}},"37":{"start":{"line":90,"column":4},"end":{"line":90,"column":44}},"38":{"start":{"line":93,"column":16},"end":{"line":98,"column":36}},"39":{"start":{"line":93,"column":31},"end":{"line":98,"column":3}},"40":{"start":{"line":96,"column":39},"end":{"line":96,"column":65}},"41":{"start":{"line":97,"column":38},"end":{"line":97,"column":62}},"42":{"start":{"line":101,"column":2},"end":{"line":108,"column":19}},"43":{"start":{"line":102,"column":4},"end":{"line":102,"column":28}},"44":{"start":{"line":102,"column":22},"end":{"line":102,"column":28}},"45":{"start":{"line":103,"column":21},"end":{"line":106,"column":29}},"46":{"start":{"line":104,"column":6},"end":{"line":104,"column":22}},"47":{"start":{"line":105,"column":6},"end":{"line":105,"column":32}},"48":{"start":{"line":107,"column":4},"end":{"line":107,"column":40}},"49":{"start":{"line":107,"column":17},"end":{"line":107,"column":40}},"50":{"start":{"line":110,"column":25},"end":{"line":125,"column":3}},"51":{"start":{"line":111,"column":4},"end":{"line":111,"column":20}},"52":{"start":{"line":112,"column":4},"end":{"line":112,"column":18}},"53":{"start":{"line":115,"column":24},"end":{"line":115,"column":34}},"54":{"start":{"line":117,"column":4},"end":{"line":124,"column":5}},"55":{"start":{"line":118,"column":19},"end":{"line":118,"column":57}},"56":{"start":{"line":119,"column":6},"end":{"line":119,"column":25}},"57":{"start":{"line":121,"column":6},"end":{"line":121,"column":27}},"58":{"start":{"line":123,"column":6},"end":{"line":123,"column":23}},"59":{"start":{"line":127,"column":2},"end":{"line":130,"column":22}},"60":{"start":{"line":128,"column":4},"end":{"line":128,"column":20}},"61":{"start":{"line":133,"column":27},"end":{"line":138,"column":8}},"62":{"start":{"line":134,"column":4},"end":{"line":134,"column":68}},"63":{"start":{"line":134,"column":29},"end":{"line":134,"column":67}},"64":{"start":{"line":136,"column":18},"end":{"line":136,"column":47}},"65":{"start":{"line":137,"column":4},"end":{"line":137,"column":32}},"66":{"start":{"line":141,"column":25},"end":{"line":143,"column":8}},"67":{"start":{"line":142,"column":4},"end":{"line":142,"column":59}},"68":{"start":{"line":142,"column":24},"end":{"line":142,"column":58}},"69":{"start":{"line":145,"column":23},"end":{"line":148,"column":3}},"70":{"start":{"line":146,"column":4},"end":{"line":146,"column":26}},"71":{"start":{"line":147,"column":4},"end":{"line":147,"column":26}},"72":{"start":{"line":150,"column":23},"end":{"line":154,"column":3}},"73":{"start":{"line":151,"column":18},"end":{"line":151,"column":70}},"74":{"start":{"line":152,"column":4},"end":{"line":152,"column":24}},"75":{"start":{"line":153,"column":4},"end":{"line":153,"column":21}},"76":{"start":{"line":157,"column":23},"end":{"line":161,"column":8}},"77":{"start":{"line":158,"column":27},"end":{"line":158,"column":79}},"78":{"start":{"line":159,"column":4},"end":{"line":159,"column":33}},"79":{"start":{"line":160,"column":4},"end":{"line":160,"column":30}},"80":{"start":{"line":163,"column":23},"end":{"line":178,"column":3}},"81":{"start":{"line":164,"column":4},"end":{"line":164,"column":26}},"82":{"start":{"line":165,"column":4},"end":{"line":165,"column":24}},"83":{"start":{"line":168,"column":21},"end":{"line":168,"column":31}},"84":{"start":{"line":170,"column":4},"end":{"line":177,"column":5}},"85":{"start":{"line":171,"column":21},"end":{"line":171,"column":61}},"86":{"start":{"line":172,"column":6},"end":{"line":172,"column":33}},"87":{"start":{"line":174,"column":6},"end":{"line":174,"column":33}},"88":{"start":{"line":176,"column":6},"end":{"line":176,"column":29}},"89":{"start":{"line":181,"column":30},"end":{"line":184,"column":8}},"90":{"start":{"line":182,"column":4},"end":{"line":182,"column":29}},"91":{"start":{"line":183,"column":4},"end":{"line":183,"column":24}},"92":{"start":{"line":187,"column":28},"end":{"line":190,"column":8}},"93":{"start":{"line":188,"column":4},"end":{"line":188,"column":26}},"94":{"start":{"line":189,"column":4},"end":{"line":189,"column":30}},"95":{"start":{"line":192,"column":2},"end":{"line":309,"column":3}},"96":{"start":{"line":202,"column":16},"end":{"line":202,"column":80}},"97":{"start":{"line":202,"column":41},"end":{"line":202,"column":78}},"98":{"start":{"line":211,"column":16},"end":{"line":214,"column":19}},"99":{"start":{"line":211,"column":41},"end":{"line":214,"column":17}},"100":{"start":{"line":219,"column":16},"end":{"line":221,"column":25}},"101":{"start":{"line":231,"column":16},"end":{"line":234,"column":19}},"102":{"start":{"line":231,"column":41},"end":{"line":234,"column":17}},"103":{"start":{"line":244,"column":16},"end":{"line":247,"column":19}},"104":{"start":{"line":244,"column":41},"end":{"line":247,"column":17}},"105":{"start":{"line":266,"column":14},"end":{"line":287,"column":24}},"106":{"start":{"line":282,"column":35},"end":{"line":282,"column":60}},"107":{"start":{"line":304,"column":27},"end":{"line":304,"column":52}}},"fnMap":{"0":{"name":"getStatusColor","decl":{"start":{"line":14,"column":9},"end":{"line":14,"column":23}},"loc":{"start":{"line":14,"column":32},"end":{"line":22,"column":1}},"line":14},"1":{"name":"getStatusPriority","decl":{"start":{"line":24,"column":9},"end":{"line":24,"column":26}},"loc":{"start":{"line":24,"column":35},"end":{"line":32,"column":1}},"line":24},"2":{"name":"sortDeliveriesByStatus","decl":{"start":{"line":35,"column":9},"end":{"line":35,"column":31}},"loc":{"start":{"line":35,"column":44},"end":{"line":39,"column":1}},"line":35},"3":{"name":"(anonymous_3)","decl":{"start":{"line":36,"column":30},"end":{"line":36,"column":31}},"loc":{"start":{"line":37,"column":4},"end":{"line":37,"column":61}},"line":37},"4":{"name":"filterTodayDeliveries","decl":{"start":{"line":42,"column":9},"end":{"line":42,"column":30}},"loc":{"start":{"line":42,"column":43},"end":{"line":45,"column":1}},"line":42},"5":{"name":"(anonymous_5)","decl":{"start":{"line":44,"column":27},"end":{"line":44,"column":28}},"loc":{"start":{"line":44,"column":32},"end":{"line":44,"column":56}},"line":44},"6":{"name":"groupDeliveriesByDate","decl":{"start":{"line":48,"column":9},"end":{"line":48,"column":30}},"loc":{"start":{"line":48,"column":43},"end":{"line":55,"column":1}},"line":48},"7":{"name":"(anonymous_7)","decl":{"start":{"line":49,"column":27},"end":{"line":49,"column":28}},"loc":{"start":{"line":49,"column":49},"end":{"line":54,"column":3}},"line":49},"8":{"name":"CourierDeliveriesPage","decl":{"start":{"line":57,"column":24},"end":{"line":57,"column":45}},"loc":{"start":{"line":57,"column":48},"end":{"line":310,"column":1}},"line":57},"9":{"name":"(anonymous_9)","decl":{"start":{"line":81,"column":35},"end":{"line":81,"column":36}},"loc":{"start":{"line":81,"column":41},"end":{"line":83,"column":3}},"line":81},"10":{"name":"(anonymous_10)","decl":{"start":{"line":85,"column":34},"end":{"line":85,"column":35}},"loc":{"start":{"line":85,"column":40},"end":{"line":87,"column":3}},"line":85},"11":{"name":"(anonymous_11)","decl":{"start":{"line":89,"column":36},"end":{"line":89,"column":37}},"loc":{"start":{"line":89,"column":42},"end":{"line":91,"column":3}},"line":89},"12":{"name":"(anonymous_12)","decl":{"start":{"line":93,"column":24},"end":{"line":93,"column":25}},"loc":{"start":{"line":93,"column":31},"end":{"line":98,"column":3}},"line":93},"13":{"name":"(anonymous_13)","decl":{"start":{"line":96,"column":34},"end":{"line":96,"column":35}},"loc":{"start":{"line":96,"column":39},"end":{"line":96,"column":65}},"line":96},"14":{"name":"(anonymous_14)","decl":{"start":{"line":97,"column":33},"end":{"line":97,"column":34}},"loc":{"start":{"line":97,"column":38},"end":{"line":97,"column":62}},"line":97},"15":{"name":"(anonymous_15)","decl":{"start":{"line":101,"column":12},"end":{"line":101,"column":13}},"loc":{"start":{"line":101,"column":18},"end":{"line":108,"column":3}},"line":101},"16":{"name":"(anonymous_16)","decl":{"start":{"line":103,"column":33},"end":{"line":103,"column":34}},"loc":{"start":{"line":103,"column":39},"end":{"line":106,"column":5}},"line":103},"17":{"name":"(anonymous_17)","decl":{"start":{"line":107,"column":11},"end":{"line":107,"column":12}},"loc":{"start":{"line":107,"column":17},"end":{"line":107,"column":40}},"line":107},"18":{"name":"(anonymous_18)","decl":{"start":{"line":110,"column":25},"end":{"line":110,"column":26}},"loc":{"start":{"line":110,"column":37},"end":{"line":125,"column":3}},"line":110},"19":{"name":"(anonymous_19)","decl":{"start":{"line":127,"column":12},"end":{"line":127,"column":13}},"loc":{"start":{"line":127,"column":18},"end":{"line":130,"column":3}},"line":127},"20":{"name":"(anonymous_20)","decl":{"start":{"line":133,"column":39},"end":{"line":133,"column":40}},"loc":{"start":{"line":133,"column":52},"end":{"line":138,"column":3}},"line":133},"21":{"name":"(anonymous_21)","decl":{"start":{"line":134,"column":21},"end":{"line":134,"column":22}},"loc":{"start":{"line":134,"column":29},"end":{"line":134,"column":67}},"line":134},"22":{"name":"(anonymous_22)","decl":{"start":{"line":137,"column":23},"end":{"line":137,"column":24}},"loc":{"start":{"line":137,"column":29},"end":{"line":137,"column":31}},"line":137},"23":{"name":"(anonymous_23)","decl":{"start":{"line":141,"column":37},"end":{"line":141,"column":38}},"loc":{"start":{"line":141,"column":43},"end":{"line":143,"column":3}},"line":141},"24":{"name":"(anonymous_24)","decl":{"start":{"line":142,"column":16},"end":{"line":142,"column":17}},"loc":{"start":{"line":142,"column":24},"end":{"line":142,"column":58}},"line":142},"25":{"name":"(anonymous_25)","decl":{"start":{"line":145,"column":23},"end":{"line":145,"column":24}},"loc":{"start":{"line":145,"column":34},"end":{"line":148,"column":3}},"line":145},"26":{"name":"(anonymous_26)","decl":{"start":{"line":150,"column":23},"end":{"line":150,"column":24}},"loc":{"start":{"line":150,"column":29},"end":{"line":154,"column":3}},"line":150},"27":{"name":"(anonymous_27)","decl":{"start":{"line":157,"column":35},"end":{"line":157,"column":36}},"loc":{"start":{"line":157,"column":41},"end":{"line":161,"column":3}},"line":157},"28":{"name":"(anonymous_28)","decl":{"start":{"line":163,"column":23},"end":{"line":163,"column":24}},"loc":{"start":{"line":163,"column":45},"end":{"line":178,"column":3}},"line":163},"29":{"name":"(anonymous_29)","decl":{"start":{"line":181,"column":42},"end":{"line":181,"column":43}},"loc":{"start":{"line":181,"column":48},"end":{"line":184,"column":3}},"line":181},"30":{"name":"(anonymous_30)","decl":{"start":{"line":187,"column":40},"end":{"line":187,"column":41}},"loc":{"start":{"line":187,"column":52},"end":{"line":190,"column":3}},"line":187},"31":{"name":"(anonymous_31)","decl":{"start":{"line":201,"column":24},"end":{"line":201,"column":25}},"loc":{"start":{"line":202,"column":16},"end":{"line":202,"column":80}},"line":202},"32":{"name":"(anonymous_32)","decl":{"start":{"line":202,"column":30},"end":{"line":202,"column":31}},"loc":{"start":{"line":202,"column":41},"end":{"line":202,"column":78}},"line":202},"33":{"name":"(anonymous_33)","decl":{"start":{"line":210,"column":24},"end":{"line":210,"column":25}},"loc":{"start":{"line":211,"column":16},"end":{"line":214,"column":19}},"line":211},"34":{"name":"(anonymous_34)","decl":{"start":{"line":211,"column":30},"end":{"line":211,"column":31}},"loc":{"start":{"line":211,"column":41},"end":{"line":214,"column":17}},"line":211},"35":{"name":"(anonymous_35)","decl":{"start":{"line":218,"column":37},"end":{"line":218,"column":38}},"loc":{"start":{"line":219,"column":16},"end":{"line":221,"column":25}},"line":219},"36":{"name":"(anonymous_36)","decl":{"start":{"line":230,"column":24},"end":{"line":230,"column":25}},"loc":{"start":{"line":231,"column":16},"end":{"line":234,"column":19}},"line":231},"37":{"name":"(anonymous_37)","decl":{"start":{"line":231,"column":30},"end":{"line":231,"column":31}},"loc":{"start":{"line":231,"column":41},"end":{"line":234,"column":17}},"line":231},"38":{"name":"(anonymous_38)","decl":{"start":{"line":243,"column":24},"end":{"line":243,"column":25}},"loc":{"start":{"line":244,"column":16},"end":{"line":247,"column":19}},"line":244},"39":{"name":"(anonymous_39)","decl":{"start":{"line":244,"column":30},"end":{"line":244,"column":31}},"loc":{"start":{"line":244,"column":41},"end":{"line":247,"column":17}},"line":244},"40":{"name":"(anonymous_40)","decl":{"start":{"line":265,"column":28},"end":{"line":265,"column":29}},"loc":{"start":{"line":266,"column":14},"end":{"line":287,"column":24}},"line":266},"41":{"name":"(anonymous_41)","decl":{"start":{"line":282,"column":29},"end":{"line":282,"column":30}},"loc":{"start":{"line":282,"column":35},"end":{"line":282,"column":60}},"line":282},"42":{"name":"(anonymous_42)","decl":{"start":{"line":304,"column":21},"end":{"line":304,"column":22}},"loc":{"start":{"line":304,"column":27},"end":{"line":304,"column":52}},"line":304}},"branchMap":{"0":{"loc":{"start":{"line":21,"column":9},"end":{"line":21,"column":36}},"type":"binary-expr","locations":[{"start":{"line":21,"column":9},"end":{"line":21,"column":23}},{"start":{"line":21,"column":27},"end":{"line":21,"column":36}}],"line":21},"1":{"loc":{"start":{"line":31,"column":9},"end":{"line":31,"column":32}},"type":"binary-expr","locations":[{"start":{"line":31,"column":9},"end":{"line":31,"column":27}},{"start":{"line":31,"column":31},"end":{"line":31,"column":32}}],"line":31},"2":{"loc":{"start":{"line":51,"column":4},"end":{"line":51,"column":40}},"type":"if","locations":[{"start":{"line":51,"column":4},"end":{"line":51,"column":40}},{"start":{},"end":{}}],"line":51},"3":{"loc":{"start":{"line":102,"column":4},"end":{"line":102,"column":28}},"type":"if","locations":[{"start":{"line":102,"column":4},"end":{"line":102,"column":28}},{"start":{},"end":{}}],"line":102},"4":{"loc":{"start":{"line":142,"column":24},"end":{"line":142,"column":58}},"type":"cond-expr","locations":[{"start":{"line":142,"column":42},"end":{"line":142,"column":49}},{"start":{"line":142,"column":52},"end":{"line":142,"column":58}}],"line":142},"5":{"loc":{"start":{"line":259,"column":9},"end":{"line":293,"column":9}},"type":"cond-expr","locations":[{"start":{"line":260,"column":10},"end":{"line":260,"column":46}},{"start":{"line":261,"column":12},"end":{"line":293,"column":9}}],"line":259},"6":{"loc":{"start":{"line":261,"column":12},"end":{"line":293,"column":9}},"type":"cond-expr","locations":[{"start":{"line":262,"column":10},"end":{"line":262,"column":53}},{"start":{"line":264,"column":10},"end":{"line":292,"column":16}}],"line":261},"7":{"loc":{"start":{"line":289,"column":13},"end":{"line":291,"column":13}},"type":"binary-expr","locations":[{"start":{"line":289,"column":13},"end":{"line":289,"column":36}},{"start":{"line":290,"column":14},"end":{"line":290,"column":72}}],"line":289},"8":{"loc":{"start":{"line":296,"column":9},"end":{"line":296,"column":70}},"type":"binary-expr","locations":[{"start":{"line":296,"column":9},"end":{"line":296,"column":22}},{"start":{"line":296,"column":26},"end":{"line":296,"column":70}}],"line":296},"9":{"loc":{"start":{"line":297,"column":9},"end":{"line":297,"column":73}},"type":"binary-expr","locations":[{"start":{"line":297,"column":9},"end":{"line":297,"column":20}},{"start":{"line":297,"column":24},"end":{"line":297,"column":73}}],"line":297},"10":{"loc":{"start":{"line":298,"column":9},"end":{"line":300,"column":9}},"type":"binary-expr","locations":[{"start":{"line":298,"column":9},"end":{"line":298,"column":26}},{"start":{"line":298,"column":30},"end":{"line":298,"column":44}},{"start":{"line":299,"column":10},"end":{"line":299,"column":80}}],"line":298},"11":{"loc":{"start":{"line":301,"column":9},"end":{"line":306,"column":9}},"type":"binary-expr","locations":[{"start":{"line":301,"column":9},"end":{"line":301,"column":25}},{"start":{"line":301,"column":29},"end":{"line":301,"column":43}},{"start":{"line":302,"column":10},"end":{"line":305,"column":12}}],"line":301}},"s":{"0":0,"1":0,"2":0,"3":0,"4":0,"5":0,"6":0,"7":0,"8":0,"9":0,"10":0,"11":0,"12":0,"13":0,"14":0,"15":0,"16":0,"17":0,"18":0,"19":0,"20":0,"21":0,"22":0,"23":0,"24":0,"25":0,"26":0,"27":0,"28":0,"29":0,"30":0,"31":0,"32":0,"33":0,"34":0,"35":0,"36":0,"37":0,"38":0,"39":0,"40":0,"41":0,"42":0,"43":0,"44":0,"45":0,"46":0,"47":0,"48":0,"49":0,"50":0,"51":0,"52":0,"53":0,"54":0,"55":0,"56":0,"57":0,"58":0,"59":0,"60":0,"61":0,"62":0,"63":0,"64":0,"65":0,"66":0,"67":0,"68":0,"69":0,"70":0,"71":0,"72":0,"73":0,"74":0,"75":0,"76":0,"77":0,"78":0,"79":0,"80":0,"81":0,"82":0,"83":0,"84":0,"85":0,"86":0,"87":0,"88":0,"89":0,"90":0,"91":0,"92":0,"93":0,"94":0,"95":0,"96":0,"97":0,"98":0,"99":0,"100":0,"101":0,"102":0,"103":0,"104":0,"105":0,"106":0,"107":0},"f":{"0":0,"1":0,"2":0,"3":0,"4":0,"5":0,"6":0,"7":0,"8":0,"9":0,"10":0,"11":0,"12":0,"13":0,"14":0,"15":0,"16":0,"17":0,"18":0,"19":0,"20":0,"21":0,"22":0,"23":0,"24":0,"25":0,"26":0,"27":0,"28":0,"29":0,"30":0,"31":0,"32":0,"33":0,"34":0,"35":0,"36":0,"37":0,"38":0,"39":0,"40":0,"41":0,"42":0},"b":{"0":[0,0],"1":[0,0],"2":[0,0],"3":[0,0],"4":[0,0],"5":[0,0],"6":[0,0],"7":[0,0],"8":[0,0],"9":[0,0],"10":[0,0,0],"11":[0,0,0]}}
,"C:\\Users\\aaa221105\\Desktop\\courierManagmentSystemWeb-main\\src\\pages\\DashboardPage.jsx": {"path":"C:\\Users\\aaa221105\\Desktop\\courierManagmentSystemWeb-main\\src\\pages\\DashboardPage.jsx","statementMap":{"0":{"start":{"line":8,"column":25},"end":{"line":8,"column":30}},"1":{"start":{"line":9,"column":25},"end":{"line":9,"column":26}},"2":{"start":{"line":10,"column":21},"end":{"line":10,"column":65}},"3":{"start":{"line":14,"column":2},"end":{"line":18,"column":8}},"4":{"start":{"line":15,"column":19},"end":{"line":15,"column":43}},"5":{"start":{"line":16,"column":4},"end":{"line":16,"column":40}},"6":{"start":{"line":17,"column":4},"end":{"line":17,"column":14}},"7":{"start":{"line":23,"column":16},"end":{"line":23,"column":53}},"8":{"start":{"line":24,"column":2},"end":{"line":24,"column":29}},"9":{"start":{"line":29,"column":2},"end":{"line":34,"column":3}},"10":{"start":{"line":31,"column":29},"end":{"line":31,"column":55}},"11":{"start":{"line":32,"column":32},"end":{"line":32,"column":56}},"12":{"start":{"line":33,"column":32},"end":{"line":33,"column":56}},"13":{"start":{"line":38,"column":26},"end":{"line":38,"column":35}},"14":{"start":{"line":39,"column":32},"end":{"line":39,"column":46}},"15":{"start":{"line":40,"column":28},"end":{"line":40,"column":42}},"16":{"start":{"line":41,"column":26},"end":{"line":41,"column":38}},"17":{"start":{"line":44,"column":40},"end":{"line":44,"column":60}},"18":{"start":{"line":45,"column":40},"end":{"line":45,"column":55}},"19":{"start":{"line":46,"column":46},"end":{"line":46,"column":62}},"20":{"start":{"line":47,"column":36},"end":{"line":47,"column":50}},"21":{"start":{"line":50,"column":16},"end":{"line":55,"column":23}},"22":{"start":{"line":51,"column":4},"end":{"line":53,"column":5}},"23":{"start":{"line":52,"column":6},"end":{"line":52,"column":44}},"24":{"start":{"line":54,"column":4},"end":{"line":54,"column":62}},"25":{"start":{"line":57,"column":28},"end":{"line":62,"column":23}},"26":{"start":{"line":58,"column":4},"end":{"line":60,"column":5}},"27":{"start":{"line":59,"column":6},"end":{"line":59,"column":43}},"28":{"start":{"line":61,"column":4},"end":{"line":61,"column":13}},"29":{"start":{"line":65,"column":22},"end":{"line":67,"column":8}},"30":{"start":{"line":66,"column":4},"end":{"line":66,"column":30}},"31":{"start":{"line":70,"column":2},"end":{"line":76,"column":32}},"32":{"start":{"line":71,"column":4},"end":{"line":71,"column":28}},"33":{"start":{"line":71,"column":22},"end":{"line":71,"column":28}},"34":{"start":{"line":72,"column":21},"end":{"line":74,"column":24}},"35":{"start":{"line":73,"column":6},"end":{"line":73,"column":19}},"36":{"start":{"line":75,"column":4},"end":{"line":75,"column":40}},"37":{"start":{"line":75,"column":17},"end":{"line":75,"column":40}},"38":{"start":{"line":78,"column":2},"end":{"line":119,"column":24}},"39":{"start":{"line":79,"column":17},"end":{"line":79,"column":22}},"40":{"start":{"line":82,"column":26},"end":{"line":82,"column":36}},"41":{"start":{"line":84,"column":17},"end":{"line":113,"column":5}},"42":{"start":{"line":85,"column":6},"end":{"line":85,"column":22}},"43":{"start":{"line":86,"column":6},"end":{"line":86,"column":20}},"44":{"start":{"line":87,"column":6},"end":{"line":112,"column":7}},"45":{"start":{"line":88,"column":8},"end":{"line":107,"column":9}},"46":{"start":{"line":89,"column":46},"end":{"line":93,"column":12}},"47":{"start":{"line":94,"column":10},"end":{"line":96,"column":11}},"48":{"start":{"line":95,"column":12},"end":{"line":95,"column":50}},"49":{"start":{"line":97,"column":15},"end":{"line":107,"column":9}},"50":{"start":{"line":98,"column":29},"end":{"line":98,"column":61}},"51":{"start":{"line":99,"column":10},"end":{"line":101,"column":11}},"52":{"start":{"line":100,"column":12},"end":{"line":100,"column":35}},"53":{"start":{"line":102,"column":15},"end":{"line":107,"column":9}},"54":{"start":{"line":103,"column":29},"end":{"line":103,"column":58}},"55":{"start":{"line":104,"column":10},"end":{"line":106,"column":11}},"56":{"start":{"line":105,"column":12},"end":{"line":105,"column":35}},"57":{"start":{"line":109,"column":8},"end":{"line":109,"column":42}},"58":{"start":{"line":109,"column":21},"end":{"line":109,"column":42}},"59":{"start":{"line":111,"column":8},"end":{"line":111,"column":38}},"60":{"start":{"line":111,"column":21},"end":{"line":111,"column":38}},"61":{"start":{"line":115,"column":4},"end":{"line":115,"column":10}},"62":{"start":{"line":116,"column":4},"end":{"line":118,"column":5}},"63":{"start":{"line":117,"column":6},"end":{"line":117,"column":19}},"64":{"start":{"line":121,"column":2},"end":{"line":123,"column":3}},"65":{"start":{"line":122,"column":4},"end":{"line":122,"column":57}},"66":{"start":{"line":125,"column":2},"end":{"line":127,"column":3}},"67":{"start":{"line":126,"column":4},"end":{"line":126,"column":54}},"68":{"start":{"line":129,"column":2},"end":{"line":165,"column":3}},"69":{"start":{"line":130,"column":4},"end":{"line":164,"column":5}},"70":{"start":{"line":153,"column":14},"end":{"line":156,"column":19}},"71":{"start":{"line":167,"column":2},"end":{"line":225,"column":3}},"72":{"start":{"line":168,"column":23},"end":{"line":168,"column":44}},"73":{"start":{"line":169,"column":27},"end":{"line":176,"column":18}},"74":{"start":{"line":173,"column":10},"end":{"line":174,"column":44}},"75":{"start":{"line":178,"column":4},"end":{"line":224,"column":5}},"76":{"start":{"line":190,"column":42},"end":{"line":190,"column":68}},"77":{"start":{"line":196,"column":42},"end":{"line":196,"column":64}},"78":{"start":{"line":205,"column":14},"end":{"line":216,"column":19}},"79":{"start":{"line":227,"column":21},"end":{"line":227,"column":42}},"80":{"start":{"line":228,"column":16},"end":{"line":228,"column":53}},"81":{"start":{"line":229,"column":26},"end":{"line":231,"column":3}},"82":{"start":{"line":230,"column":18},"end":{"line":230,"column":49}},"83":{"start":{"line":233,"column":2},"end":{"line":268,"column":3}},"84":{"start":{"line":252,"column":12},"end":{"line":260,"column":17}}},"fnMap":{"0":{"name":"groupByStatus","decl":{"start":{"line":13,"column":9},"end":{"line":13,"column":22}},"loc":{"start":{"line":13,"column":30},"end":{"line":19,"column":1}},"line":13},"1":{"name":"(anonymous_1)","decl":{"start":{"line":14,"column":22},"end":{"line":14,"column":23}},"loc":{"start":{"line":14,"column":37},"end":{"line":18,"column":3}},"line":14},"2":{"name":"isToday","decl":{"start":{"line":22,"column":9},"end":{"line":22,"column":16}},"loc":{"start":{"line":22,"column":29},"end":{"line":25,"column":1}},"line":22},"3":{"name":"calculateStats","decl":{"start":{"line":28,"column":9},"end":{"line":28,"column":23}},"loc":{"start":{"line":28,"column":30},"end":{"line":35,"column":1}},"line":28},"4":{"name":"(anonymous_4)","decl":{"start":{"line":31,"column":24},"end":{"line":31,"column":25}},"loc":{"start":{"line":31,"column":29},"end":{"line":31,"column":55}},"line":31},"5":{"name":"(anonymous_5)","decl":{"start":{"line":32,"column":27},"end":{"line":32,"column":28}},"loc":{"start":{"line":32,"column":32},"end":{"line":32,"column":56}},"line":32},"6":{"name":"(anonymous_6)","decl":{"start":{"line":33,"column":27},"end":{"line":33,"column":28}},"loc":{"start":{"line":33,"column":32},"end":{"line":33,"column":56}},"line":33},"7":{"name":"DashboardPage","decl":{"start":{"line":37,"column":24},"end":{"line":37,"column":37}},"loc":{"start":{"line":37,"column":40},"end":{"line":269,"column":1}},"line":37},"8":{"name":"(anonymous_8)","decl":{"start":{"line":50,"column":24},"end":{"line":50,"column":25}},"loc":{"start":{"line":50,"column":30},"end":{"line":55,"column":3}},"line":50},"9":{"name":"(anonymous_9)","decl":{"start":{"line":57,"column":36},"end":{"line":57,"column":37}},"loc":{"start":{"line":57,"column":42},"end":{"line":62,"column":3}},"line":57},"10":{"name":"(anonymous_10)","decl":{"start":{"line":65,"column":34},"end":{"line":65,"column":35}},"loc":{"start":{"line":65,"column":40},"end":{"line":67,"column":3}},"line":65},"11":{"name":"(anonymous_11)","decl":{"start":{"line":70,"column":12},"end":{"line":70,"column":13}},"loc":{"start":{"line":70,"column":18},"end":{"line":76,"column":3}},"line":70},"12":{"name":"(anonymous_12)","decl":{"start":{"line":72,"column":33},"end":{"line":72,"column":34}},"loc":{"start":{"line":72,"column":39},"end":{"line":74,"column":5}},"line":72},"13":{"name":"(anonymous_13)","decl":{"start":{"line":75,"column":11},"end":{"line":75,"column":12}},"loc":{"start":{"line":75,"column":17},"end":{"line":75,"column":40}},"line":75},"14":{"name":"(anonymous_14)","decl":{"start":{"line":78,"column":12},"end":{"line":78,"column":13}},"loc":{"start":{"line":78,"column":18},"end":{"line":119,"column":3}},"line":78},"15":{"name":"(anonymous_15)","decl":{"start":{"line":84,"column":17},"end":{"line":84,"column":18}},"loc":{"start":{"line":84,"column":29},"end":{"line":113,"column":5}},"line":84},"16":{"name":"(anonymous_16)","decl":{"start":{"line":116,"column":11},"end":{"line":116,"column":12}},"loc":{"start":{"line":116,"column":17},"end":{"line":118,"column":5}},"line":116},"17":{"name":"(anonymous_17)","decl":{"start":{"line":152,"column":48},"end":{"line":152,"column":49}},"loc":{"start":{"line":153,"column":14},"end":{"line":156,"column":19}},"line":153},"18":{"name":"(anonymous_18)","decl":{"start":{"line":172,"column":8},"end":{"line":172,"column":9}},"loc":{"start":{"line":173,"column":10},"end":{"line":174,"column":44}},"line":173},"19":{"name":"(anonymous_19)","decl":{"start":{"line":190,"column":35},"end":{"line":190,"column":36}},"loc":{"start":{"line":190,"column":42},"end":{"line":190,"column":68}},"line":190},"20":{"name":"(anonymous_20)","decl":{"start":{"line":196,"column":35},"end":{"line":196,"column":36}},"loc":{"start":{"line":196,"column":42},"end":{"line":196,"column":64}},"line":196},"21":{"name":"(anonymous_21)","decl":{"start":{"line":204,"column":32},"end":{"line":204,"column":33}},"loc":{"start":{"line":205,"column":14},"end":{"line":216,"column":19}},"line":205},"22":{"name":"(anonymous_22)","decl":{"start":{"line":230,"column":4},"end":{"line":230,"column":5}},"loc":{"start":{"line":230,"column":18},"end":{"line":230,"column":49}},"line":230},"23":{"name":"(anonymous_23)","decl":{"start":{"line":251,"column":38},"end":{"line":251,"column":39}},"loc":{"start":{"line":252,"column":12},"end":{"line":260,"column":17}},"line":252}},"branchMap":{"0":{"loc":{"start":{"line":15,"column":19},"end":{"line":15,"column":43}},"type":"binary-expr","locations":[{"start":{"line":15,"column":19},"end":{"line":15,"column":30}},{"start":{"line":15,"column":34},"end":{"line":15,"column":43}}],"line":15},"1":{"loc":{"start":{"line":16,"column":19},"end":{"line":16,"column":35}},"type":"binary-expr","locations":[{"start":{"line":16,"column":19},"end":{"line":16,"column":30}},{"start":{"line":16,"column":34},"end":{"line":16,"column":35}}],"line":16},"2":{"loc":{"start":{"line":51,"column":4},"end":{"line":53,"column":5}},"type":"if","locations":[{"start":{"line":51,"column":4},"end":{"line":53,"column":5}},{"start":{},"end":{}}],"line":51},"3":{"loc":{"start":{"line":58,"column":4},"end":{"line":60,"column":5}},"type":"if","locations":[{"start":{"line":58,"column":4},"end":{"line":60,"column":5}},{"start":{},"end":{}}],"line":58},"4":{"loc":{"start":{"line":71,"column":4},"end":{"line":71,"column":28}},"type":"if","locations":[{"start":{"line":71,"column":4},"end":{"line":71,"column":28}},{"start":{},"end":{}}],"line":71},"5":{"loc":{"start":{"line":88,"column":8},"end":{"line":107,"column":9}},"type":"if","locations":[{"start":{"line":88,"column":8},"end":{"line":107,"column":9}},{"start":{"line":97,"column":15},"end":{"line":107,"column":9}}],"line":88},"6":{"loc":{"start":{"line":94,"column":10},"end":{"line":96,"column":11}},"type":"if","locations":[{"start":{"line":94,"column":10},"end":{"line":96,"column":11}},{"start":{},"end":{}}],"line":94},"7":{"loc":{"start":{"line":97,"column":15},"end":{"line":107,"column":9}},"type":"if","locations":[{"start":{"line":97,"column":15},"end":{"line":107,"column":9}},{"start":{"line":102,"column":15},"end":{"line":107,"column":9}}],"line":97},"8":{"loc":{"start":{"line":99,"column":10},"end":{"line":101,"column":11}},"type":"if","locations":[{"start":{"line":99,"column":10},"end":{"line":101,"column":11}},{"start":{},"end":{}}],"line":99},"9":{"loc":{"start":{"line":102,"column":15},"end":{"line":107,"column":9}},"type":"if","locations":[{"start":{"line":102,"column":15},"end":{"line":107,"column":9}},{"start":{},"end":{}}],"line":102},"10":{"loc":{"start":{"line":104,"column":10},"end":{"line":106,"column":11}},"type":"if","locations":[{"start":{"line":104,"column":10},"end":{"line":106,"column":11}},{"start":{},"end":{}}],"line":104},"11":{"loc":{"start":{"line":109,"column":8},"end":{"line":109,"column":42}},"type":"if","locations":[{"start":{"line":109,"column":8},"end":{"line":109,"column":42}},{"start":{},"end":{}}],"line":109},"12":{"loc":{"start":{"line":111,"column":8},"end":{"line":111,"column":38}},"type":"if","locations":[{"start":{"line":111,"column":8},"end":{"line":111,"column":38}},{"start":{},"end":{}}],"line":111},"13":{"loc":{"start":{"line":121,"column":2},"end":{"line":123,"column":3}},"type":"if","locations":[{"start":{"line":121,"column":2},"end":{"line":123,"column":3}},{"start":{},"end":{}}],"line":121},"14":{"loc":{"start":{"line":125,"column":2},"end":{"line":127,"column":3}},"type":"if","locations":[{"start":{"line":125,"column":2},"end":{"line":127,"column":3}},{"start":{},"end":{}}],"line":125},"15":{"loc":{"start":{"line":129,"column":2},"end":{"line":165,"column":3}},"type":"if","locations":[{"start":{"line":129,"column":2},"end":{"line":165,"column":3}},{"start":{},"end":{}}],"line":129},"16":{"loc":{"start":{"line":137,"column":41},"end":{"line":137,"column":64}},"type":"binary-expr","locations":[{"start":{"line":137,"column":41},"end":{"line":137,"column":59}},{"start":{"line":137,"column":63},"end":{"line":137,"column":64}}],"line":137},"17":{"loc":{"start":{"line":141,"column":41},"end":{"line":141,"column":67}},"type":"binary-expr","locations":[{"start":{"line":141,"column":41},"end":{"line":141,"column":62}},{"start":{"line":141,"column":66},"end":{"line":141,"column":67}}],"line":141},"18":{"loc":{"start":{"line":145,"column":41},"end":{"line":145,"column":67}},"type":"binary-expr","locations":[{"start":{"line":145,"column":41},"end":{"line":145,"column":62}},{"start":{"line":145,"column":66},"end":{"line":145,"column":67}}],"line":145},"19":{"loc":{"start":{"line":152,"column":14},"end":{"line":152,"column":30}},"type":"binary-expr","locations":[{"start":{"line":152,"column":14},"end":{"line":152,"column":24}},{"start":{"line":152,"column":28},"end":{"line":152,"column":30}}],"line":152},"20":{"loc":{"start":{"line":158,"column":13},"end":{"line":160,"column":13}},"type":"binary-expr","locations":[{"start":{"line":158,"column":13},"end":{"line":158,"column":44}},{"start":{"line":159,"column":14},"end":{"line":159,"column":58}}],"line":158},"21":{"loc":{"start":{"line":158,"column":14},"end":{"line":158,"column":30}},"type":"binary-expr","locations":[{"start":{"line":158,"column":14},"end":{"line":158,"column":24}},{"start":{"line":158,"column":28},"end":{"line":158,"column":30}}],"line":158},"22":{"loc":{"start":{"line":167,"column":2},"end":{"line":225,"column":3}},"type":"if","locations":[{"start":{"line":167,"column":2},"end":{"line":225,"column":3}},{"start":{},"end":{}}],"line":167},"23":{"loc":{"start":{"line":168,"column":23},"end":{"line":168,"column":44}},"type":"binary-expr","locations":[{"start":{"line":168,"column":23},"end":{"line":168,"column":38}},{"start":{"line":168,"column":42},"end":{"line":168,"column":44}}],"line":168},"24":{"loc":{"start":{"line":207,"column":27},"end":{"line":207,"column":65}},"type":"binary-expr","locations":[{"start":{"line":207,"column":27},"end":{"line":207,"column":50}},{"start":{"line":207,"column":54},"end":{"line":207,"column":65}}],"line":207},"25":{"loc":{"start":{"line":210,"column":21},"end":{"line":210,"column":50}},"type":"binary-expr","locations":[{"start":{"line":210,"column":21},"end":{"line":210,"column":43}},{"start":{"line":210,"column":47},"end":{"line":210,"column":50}}],"line":210},"26":{"loc":{"start":{"line":218,"column":13},"end":{"line":220,"column":13}},"type":"binary-expr","locations":[{"start":{"line":218,"column":13},"end":{"line":218,"column":40}},{"start":{"line":219,"column":14},"end":{"line":219,"column":69}}],"line":218},"27":{"loc":{"start":{"line":227,"column":21},"end":{"line":227,"column":42}},"type":"binary-expr","locations":[{"start":{"line":227,"column":21},"end":{"line":227,"column":36}},{"start":{"line":227,"column":40},"end":{"line":227,"column":42}}],"line":227},"28":{"loc":{"start":{"line":262,"column":11},"end":{"line":264,"column":11}},"type":"binary-expr","locations":[{"start":{"line":262,"column":11},"end":{"line":262,"column":34}},{"start":{"line":263,"column":12},"end":{"line":263,"column":74}}],"line":262}},"s":{"0":0,"1":0,"2":0,"3":0,"4":0,"5":0,"6":0,"7":0,"8":0,"9":0,"10":0,"11":0,"12":0,"13":0,"14":0,"15":0,"16":0,"17":0,"18":0,"19":0,"20":0,"21":0,"22":0,"23":0,"24":0,"25":0,"26":0,"27":0,"28":0,"29":0,"30":0,"31":0,"32":0,"33":0,"34":0,"35":0,"36":0,"37":0,"38":0,"39":0,"40":0,"41":0,"42":0,"43":0,"44":0,"45":0,"46":0,"47":0,"48":0,"49":0,"50":0,"51":0,"52":0,"53":0,"54":0,"55":0,"56":0,"57":0,"58":0,"59":0,"60":0,"61":0,"62":0,"63":0,"64":0,"65":0,"66":0,"67":0,"68":0,"69":0,"70":0,"71":0,"72":0,"73":0,"74":0,"75":0,"76":0,"77":0,"78":0,"79":0,"80":0,"81":0,"82":0,"83":0,"84":0},"f":{"0":0,"1":0,"2":0,"3":0,"4":0,"5":0,"6":0,"7":0,"8":0,"9":0,"10":0,"11":0,"12":0,"13":0,"14":0,"15":0,"16":0,"17":0,"18":0,"19":0,"20":0,"21":0,"22":0,"23":0},"b":{"0":[0,0],"1":[0,0],"2":[0,0],"3":[0,0],"4":[0,0],"5":[0,0],"6":[0,0],"7":[0,0],"8":[0,0],"9":[0,0],"10":[0,0],"11":[0,0],"12":[0,0],"13":[0,0],"14":[0,0],"15":[0,0],"16":[0,0],"17":[0,0],"18":[0,0],"19":[0,0],"20":[0,0],"21":[0,0],"22":[0,0],"23":[0,0],"24":[0,0],"25":[0,0],"26":[0,0],"27":[0,0],"28":[0,0]}}
,"C:\\Users\\aaa221105\\Desktop\\courierManagmentSystemWeb-main\\src\\pages\\DeliveriesPage.jsx": {"path":"C:\\Users\\aaa221105\\Desktop\\courierManagmentSystemWeb-main\\src\\pages\\DeliveriesPage.jsx","statementMap":{"0":{"start":{"line":9,"column":32},"end":{"line":9,"column":34}},"1":{"start":{"line":10,"column":31},"end":{"line":10,"column":33}},"2":{"start":{"line":11,"column":34},"end":{"line":11,"column":35}},"3":{"start":{"line":12,"column":28},"end":{"line":12,"column":60}},"4":{"start":{"line":13,"column":22},"end":{"line":13,"column":52}},"5":{"start":{"line":17,"column":2},"end":{"line":17,"column":69}},"6":{"start":{"line":17,"column":29},"end":{"line":17,"column":69}},"7":{"start":{"line":18,"column":2},"end":{"line":18,"column":74}},"8":{"start":{"line":18,"column":31},"end":{"line":18,"column":74}},"9":{"start":{"line":19,"column":2},"end":{"line":19,"column":13}},"10":{"start":{"line":23,"column":27},"end":{"line":23,"column":55}},"11":{"start":{"line":24,"column":23},"end":{"line":24,"column":49}},"12":{"start":{"line":25,"column":23},"end":{"line":25,"column":43}},"13":{"start":{"line":26,"column":21},"end":{"line":26,"column":37}},"14":{"start":{"line":27,"column":2},"end":{"line":29,"column":3}},"15":{"start":{"line":28,"column":4},"end":{"line":28,"column":74}},"16":{"start":{"line":30,"column":2},"end":{"line":30,"column":13}},"17":{"start":{"line":35,"column":2},"end":{"line":40,"column":3}},"18":{"start":{"line":45,"column":12},"end":{"line":45,"column":16}},"19":{"start":{"line":46,"column":15},"end":{"line":46,"column":44}},"20":{"start":{"line":47,"column":15},"end":{"line":47,"column":44}},"21":{"start":{"line":49,"column":4},"end":{"line":51,"column":43}},"22":{"start":{"line":52,"column":12},"end":{"line":52,"column":58}},"23":{"start":{"line":53,"column":2},"end":{"line":53,"column":14}},"24":{"start":{"line":58,"column":2},"end":{"line":58,"column":39}},"25":{"start":{"line":58,"column":26},"end":{"line":58,"column":39}},"26":{"start":{"line":59,"column":17},"end":{"line":59,"column":28}},"27":{"start":{"line":60,"column":20},"end":{"line":60,"column":35}},"28":{"start":{"line":61,"column":2},"end":{"line":76,"column":3}},"29":{"start":{"line":62,"column":17},"end":{"line":62,"column":42}},"30":{"start":{"line":63,"column":21},"end":{"line":63,"column":22}},"31":{"start":{"line":64,"column":22},"end":{"line":64,"column":30}},"32":{"start":{"line":65,"column":4},"end":{"line":74,"column":5}},"33":{"start":{"line":65,"column":17},"end":{"line":65,"column":18}},"34":{"start":{"line":66,"column":19},"end":{"line":69,"column":7}},"35":{"start":{"line":70,"column":6},"end":{"line":73,"column":7}},"36":{"start":{"line":71,"column":8},"end":{"line":71,"column":26}},"37":{"start":{"line":72,"column":8},"end":{"line":72,"column":22}},"38":{"start":{"line":75,"column":4},"end":{"line":75,"column":51}},"39":{"start":{"line":77,"column":2},"end":{"line":77,"column":15}},"40":{"start":{"line":80,"column":20},"end":{"line":85,"column":2}},"41":{"start":{"line":80,"column":36},"end":{"line":85,"column":1}},"42":{"start":{"line":87,"column":20},"end":{"line":94,"column":1}},"43":{"start":{"line":97,"column":28},"end":{"line":106,"column":1}},"44":{"start":{"line":109,"column":30},"end":{"line":113,"column":2}},"45":{"start":{"line":109,"column":44},"end":{"line":113,"column":1}},"46":{"start":{"line":115,"column":33},"end":{"line":118,"column":2}},"47":{"start":{"line":115,"column":40},"end":{"line":118,"column":1}},"48":{"start":{"line":120,"column":29},"end":{"line":123,"column":2}},"49":{"start":{"line":120,"column":36},"end":{"line":123,"column":1}},"50":{"start":{"line":126,"column":25},"end":{"line":129,"column":2}},"51":{"start":{"line":126,"column":32},"end":{"line":129,"column":1}},"52":{"start":{"line":132,"column":20},"end":{"line":132,"column":29}},"53":{"start":{"line":133,"column":38},"end":{"line":133,"column":50}},"54":{"start":{"line":134,"column":32},"end":{"line":134,"column":46}},"55":{"start":{"line":135,"column":28},"end":{"line":135,"column":42}},"56":{"start":{"line":137,"column":34},"end":{"line":137,"column":46}},"57":{"start":{"line":138,"column":34},"end":{"line":138,"column":46}},"58":{"start":{"line":139,"column":34},"end":{"line":139,"column":46}},"59":{"start":{"line":140,"column":36},"end":{"line":140,"column":50}},"60":{"start":{"line":142,"column":32},"end":{"line":146,"column":4}},"61":{"start":{"line":147,"column":38},"end":{"line":147,"column":55}},"62":{"start":{"line":149,"column":26},"end":{"line":149,"column":47}},"63":{"start":{"line":150,"column":48},"end":{"line":150,"column":62}},"64":{"start":{"line":151,"column":36},"end":{"line":151,"column":50}},"65":{"start":{"line":153,"column":50},"end":{"line":153,"column":64}},"66":{"start":{"line":156,"column":48},"end":{"line":156,"column":82}},"67":{"start":{"line":157,"column":50},"end":{"line":157,"column":64}},"68":{"start":{"line":158,"column":48},"end":{"line":158,"column":62}},"69":{"start":{"line":161,"column":40},"end":{"line":161,"column":90}},"70":{"start":{"line":162,"column":40},"end":{"line":162,"column":54}},"71":{"start":{"line":163,"column":38},"end":{"line":163,"column":52}},"72":{"start":{"line":164,"column":50},"end":{"line":164,"column":65}},"73":{"start":{"line":166,"column":25},"end":{"line":196,"column":3}},"74":{"start":{"line":167,"column":19},"end":{"line":167,"column":21}},"75":{"start":{"line":168,"column":49},"end":{"line":172,"column":6}},"76":{"start":{"line":174,"column":4},"end":{"line":181,"column":5}},"77":{"start":{"line":175,"column":6},"end":{"line":175,"column":35}},"78":{"start":{"line":177,"column":6},"end":{"line":177,"column":21}},"79":{"start":{"line":178,"column":6},"end":{"line":180,"column":7}},"80":{"start":{"line":183,"column":4},"end":{"line":187,"column":5}},"81":{"start":{"line":184,"column":6},"end":{"line":184,"column":35}},"82":{"start":{"line":186,"column":6},"end":{"line":186,"column":44}},"83":{"start":{"line":189,"column":4},"end":{"line":193,"column":5}},"84":{"start":{"line":190,"column":6},"end":{"line":190,"column":35}},"85":{"start":{"line":192,"column":6},"end":{"line":192,"column":44}},"86":{"start":{"line":195,"column":4},"end":{"line":195,"column":58}},"87":{"start":{"line":198,"column":25},"end":{"line":209,"column":3}},"88":{"start":{"line":199,"column":4},"end":{"line":199,"column":20}},"89":{"start":{"line":200,"column":4},"end":{"line":200,"column":18}},"90":{"start":{"line":201,"column":4},"end":{"line":208,"column":5}},"91":{"start":{"line":202,"column":19},"end":{"line":202,"column":60}},"92":{"start":{"line":203,"column":6},"end":{"line":203,"column":25}},"93":{"start":{"line":205,"column":6},"end":{"line":205,"column":27}},"94":{"start":{"line":207,"column":6},"end":{"line":207,"column":23}},"95":{"start":{"line":211,"column":2},"end":{"line":214,"column":13}},"96":{"start":{"line":212,"column":4},"end":{"line":212,"column":20}},"97":{"start":{"line":216,"column":2},"end":{"line":219,"column":22}},"98":{"start":{"line":217,"column":4},"end":{"line":217,"column":20}},"99":{"start":{"line":221,"column":26},"end":{"line":224,"column":3}},"100":{"start":{"line":222,"column":28},"end":{"line":222,"column":40}},"101":{"start":{"line":223,"column":4},"end":{"line":223,"column":51}},"102":{"start":{"line":223,"column":23},"end":{"line":223,"column":49}},"103":{"start":{"line":226,"column":27},"end":{"line":232,"column":3}},"104":{"start":{"line":227,"column":4},"end":{"line":231,"column":6}},"105":{"start":{"line":228,"column":21},"end":{"line":228,"column":37}},"106":{"start":{"line":229,"column":6},"end":{"line":229,"column":58}},"107":{"start":{"line":230,"column":6},"end":{"line":230,"column":32}},"108":{"start":{"line":234,"column":29},"end":{"line":245,"column":3}},"109":{"start":{"line":235,"column":4},"end":{"line":244,"column":6}},"110":{"start":{"line":236,"column":21},"end":{"line":236,"column":37}},"111":{"start":{"line":237,"column":30},"end":{"line":237,"column":62}},"112":{"start":{"line":238,"column":6},"end":{"line":241,"column":7}},"113":{"start":{"line":242,"column":6},"end":{"line":242,"column":79}},"114":{"start":{"line":243,"column":6},"end":{"line":243,"column":32}},"115":{"start":{"line":247,"column":19},"end":{"line":252,"column":3}},"116":{"start":{"line":248,"column":4},"end":{"line":251,"column":7}},"117":{"start":{"line":248,"column":23},"end":{"line":251,"column":5}},"118":{"start":{"line":254,"column":22},"end":{"line":260,"column":3}},"119":{"start":{"line":255,"column":4},"end":{"line":259,"column":6}},"120":{"start":{"line":256,"column":6},"end":{"line":256,"column":47}},"121":{"start":{"line":256,"column":36},"end":{"line":256,"column":47}},"122":{"start":{"line":257,"column":21},"end":{"line":257,"column":66}},"123":{"start":{"line":257,"column":52},"end":{"line":257,"column":65}},"124":{"start":{"line":258,"column":6},"end":{"line":258,"column":32}},"125":{"start":{"line":262,"column":28},"end":{"line":271,"column":3}},"126":{"start":{"line":263,"column":4},"end":{"line":270,"column":6}},"127":{"start":{"line":264,"column":21},"end":{"line":264,"column":37}},"128":{"start":{"line":265,"column":6},"end":{"line":268,"column":7}},"129":{"start":{"line":269,"column":6},"end":{"line":269,"column":32}},"130":{"start":{"line":273,"column":33},"end":{"line":282,"column":3}},"131":{"start":{"line":274,"column":4},"end":{"line":281,"column":6}},"132":{"start":{"line":275,"column":21},"end":{"line":275,"column":37}},"133":{"start":{"line":276,"column":30},"end":{"line":278,"column":7}},"134":{"start":{"line":277,"column":20},"end":{"line":277,"column":40}},"135":{"start":{"line":279,"column":6},"end":{"line":279,"column":79}},"136":{"start":{"line":280,"column":6},"end":{"line":280,"column":32}},"137":{"start":{"line":284,"column":20},"end":{"line":288,"column":3}},"138":{"start":{"line":285,"column":4},"end":{"line":285,"column":24}},"139":{"start":{"line":286,"column":4},"end":{"line":286,"column":28}},"140":{"start":{"line":287,"column":4},"end":{"line":287,"column":22}},"141":{"start":{"line":290,"column":23},"end":{"line":323,"column":3}},"142":{"start":{"line":291,"column":4},"end":{"line":291,"column":26}},"143":{"start":{"line":292,"column":4},"end":{"line":292,"column":22}},"144":{"start":{"line":293,"column":4},"end":{"line":322,"column":5}},"145":{"start":{"line":294,"column":22},"end":{"line":311,"column":7}},"146":{"start":{"line":300,"column":49},"end":{"line":310,"column":9}},"147":{"start":{"line":305,"column":33},"end":{"line":305,"column":50}},"148":{"start":{"line":306,"column":31},"end":{"line":309,"column":13}},"149":{"start":{"line":313,"column":6},"end":{"line":317,"column":7}},"150":{"start":{"line":314,"column":8},"end":{"line":314,"column":71}},"151":{"start":{"line":316,"column":8},"end":{"line":316,"column":51}},"152":{"start":{"line":318,"column":6},"end":{"line":318,"column":17}},"153":{"start":{"line":319,"column":6},"end":{"line":319,"column":28}},"154":{"start":{"line":321,"column":6},"end":{"line":321,"column":31}},"155":{"start":{"line":325,"column":31},"end":{"line":336,"column":3}},"156":{"start":{"line":326,"column":22},"end":{"line":328,"column":5}},"157":{"start":{"line":329,"column":4},"end":{"line":329,"column":26}},"158":{"start":{"line":329,"column":20},"end":{"line":329,"column":26}},"159":{"start":{"line":330,"column":4},"end":{"line":335,"column":5}},"160":{"start":{"line":331,"column":6},"end":{"line":331,"column":53}},"161":{"start":{"line":332,"column":6},"end":{"line":332,"column":28}},"162":{"start":{"line":334,"column":6},"end":{"line":334,"column":27}},"163":{"start":{"line":338,"column":29},"end":{"line":357,"column":3}},"164":{"start":{"line":339,"column":4},"end":{"line":339,"column":33}},"165":{"start":{"line":339,"column":27},"end":{"line":339,"column":33}},"166":{"start":{"line":340,"column":4},"end":{"line":340,"column":32}},"167":{"start":{"line":341,"column":4},"end":{"line":356,"column":6}},"168":{"start":{"line":347,"column":54},"end":{"line":355,"column":7}},"169":{"start":{"line":351,"column":51},"end":{"line":354,"column":9}},"170":{"start":{"line":359,"column":23},"end":{"line":362,"column":3}},"171":{"start":{"line":360,"column":4},"end":{"line":360,"column":26}},"172":{"start":{"line":361,"column":4},"end":{"line":361,"column":26}},"173":{"start":{"line":364,"column":23},"end":{"line":367,"column":3}},"174":{"start":{"line":365,"column":4},"end":{"line":365,"column":59}},"175":{"start":{"line":366,"column":4},"end":{"line":366,"column":56}},"176":{"start":{"line":370,"column":28},"end":{"line":372,"column":3}},"177":{"start":{"line":371,"column":4},"end":{"line":371,"column":67}},"178":{"start":{"line":371,"column":33},"end":{"line":371,"column":66}},"179":{"start":{"line":374,"column":31},"end":{"line":379,"column":3}},"180":{"start":{"line":375,"column":4},"end":{"line":378,"column":6}},"181":{"start":{"line":376,"column":6},"end":{"line":376,"column":40}},"182":{"start":{"line":376,"column":29},"end":{"line":376,"column":40}},"183":{"start":{"line":377,"column":6},"end":{"line":377,"column":55}},"184":{"start":{"li
[...]
"line":49,"column":4},"end":{"line":49,"column":46}},"13":{"start":{"line":60,"column":2},"end":{"line":63,"column":5}},"14":{"start":{"line":60,"column":21},"end":{"line":63,"column":3}},"15":{"start":{"line":74,"column":2},"end":{"line":78,"column":4}},"16":{"start":{"line":75,"column":4},"end":{"line":75,"column":54}},"17":{"start":{"line":75,"column":43},"end":{"line":75,"column":54}},"18":{"start":{"line":76,"column":21},"end":{"line":76,"column":69}},"19":{"start":{"line":76,"column":55},"end":{"line":76,"column":68}},"20":{"start":{"line":77,"column":4},"end":{"line":77,"column":44}},"21":{"start":{"line":88,"column":2},"end":{"line":88,"column":22}},"22":{"start":{"line":89,"column":2},"end":{"line":91,"column":3}},"23":{"start":{"line":90,"column":4},"end":{"line":90,"column":20}},"24":{"start":{"line":101,"column":26},"end":{"line":101,"column":38}},"25":{"start":{"line":102,"column":2},"end":{"line":102,"column":55}},"26":{"start":{"line":102,"column":27},"end":{"line":102,"column":53}},"27":{"start":{"line":112,"column":2},"end":{"line":112,"column":24}},"28":{"start":{"line":113,"column":2},"end":{"line":113,"column":24}},"29":{"start":{"line":123,"column":2},"end":{"line":123,"column":31}},"30":{"start":{"line":124,"column":2},"end":{"line":124,"column":28}}},"fnMap":{"0":{"name":"updateFormField","decl":{"start":{"line":10,"column":16},"end":{"line":10,"column":31}},"loc":{"start":{"line":10,"column":48},"end":{"line":13,"column":1}},"line":10},"1":{"name":"(anonymous_1)","decl":{"start":{"line":12,"column":10},"end":{"line":12,"column":11}},"loc":{"start":{"line":12,"column":21},"end":{"line":12,"column":47}},"line":12},"2":{"name":"updateNestedField","decl":{"start":{"line":23,"column":16},"end":{"line":23,"column":33}},"loc":{"start":{"line":23,"column":84},"end":{"line":29,"column":1}},"line":23},"3":{"name":"(anonymous_3)","decl":{"start":{"line":24,"column":10},"end":{"line":24,"column":11}},"loc":{"start":{"line":24,"column":20},"end":{"line":28,"column":3}},"line":24},"4":{"name":"updateDeepNestedField","decl":{"start":{"line":40,"column":16},"end":{"line":40,"column":37}},"loc":{"start":{"line":40,"column":99},"end":{"line":51,"column":1}},"line":40},"5":{"name":"(anonymous_5)","decl":{"start":{"line":41,"column":10},"end":{"line":41,"column":11}},"loc":{"start":{"line":41,"column":20},"end":{"line":50,"column":3}},"line":41},"6":{"name":"addFormItem","decl":{"start":{"line":59,"column":16},"end":{"line":59,"column":27}},"loc":{"start":{"line":59,"column":59},"end":{"line":64,"column":1}},"line":59},"7":{"name":"(anonymous_7)","decl":{"start":{"line":60,"column":10},"end":{"line":60,"column":11}},"loc":{"start":{"line":60,"column":21},"end":{"line":63,"column":3}},"line":60},"8":{"name":"removeFormItem","decl":{"start":{"line":73,"column":16},"end":{"line":73,"column":30}},"loc":{"start":{"line":73,"column":71},"end":{"line":79,"column":1}},"line":73},"9":{"name":"(anonymous_9)","decl":{"start":{"line":74,"column":10},"end":{"line":74,"column":11}},"loc":{"start":{"line":74,"column":20},"end":{"line":78,"column":3}},"line":74},"10":{"name":"(anonymous_10)","decl":{"start":{"line":76,"column":43},"end":{"line":76,"column":44}},"loc":{"start":{"line":76,"column":55},"end":{"line":76,"column":68}},"line":76},"11":{"name":"resetForm","decl":{"start":{"line":87,"column":16},"end":{"line":87,"column":25}},"loc":{"start":{"line":87,"column":60},"end":{"line":92,"column":1}},"line":87},"12":{"name":"handleFilterChange","decl":{"start":{"line":100,"column":16},"end":{"line":100,"column":34}},"loc":{"start":{"line":100,"column":69},"end":{"line":103,"column":1}},"line":100},"13":{"name":"(anonymous_13)","decl":{"start":{"line":102,"column":16},"end":{"line":102,"column":17}},"loc":{"start":{"line":102,"column":27},"end":{"line":102,"column":53}},"line":102},"14":{"name":"applyFilters","decl":{"start":{"line":111,"column":16},"end":{"line":111,"column":28}},"loc":{"start":{"line":111,"column":60},"end":{"line":114,"column":1}},"line":111},"15":{"name":"clearFilters","decl":{"start":{"line":122,"column":16},"end":{"line":122,"column":28}},"loc":{"start":{"line":122,"column":77},"end":{"line":125,"column":1}},"line":122}},"branchMap":{"0":{"loc":{"start":{"line":23,"column":64},"end":{"line":23,"column":82}},"type":"default-arg","locations":[{"start":{"line":23,"column":75},"end":{"line":23,"column":82}}],"line":23},"1":{"loc":{"start":{"line":73,"column":57},"end":{"line":73,"column":69}},"type":"default-arg","locations":[{"start":{"line":73,"column":68},"end":{"line":73,"column":69}}],"line":73},"2":{"loc":{"start":{"line":75,"column":4},"end":{"line":75,"column":54}},"type":"if","locations":[{"start":{"line":75,"column":4},"end":{"line":75,"column":54}},{"start":{},"end":{}}],"line":75},"3":{"loc":{"start":{"line":89,"column":2},"end":{"line":91,"column":3}},"type":"if","locations":[{"start":{"line":89,"column":2},"end":{"line":91,"column":3}},{"start":{},"end":{}}],"line":89},"4":{"loc":{"start":{"line":122,"column":56},"end":{"line":122,"column":75}},"type":"default-arg","locations":[{"start":{"line":122,"column":73},"end":{"line":122,"column":75}}],"line":122}},"s":{"0":3,"1":3,"2":3,"3":3,"4":3,"5":3,"6":3,"7":2,"8":2,"9":2,"10":2,"11":2,"12":2,"13":2,"14":2,"15":3,"16":3,"17":1,"18":2,"19":5,"20":2,"21":2,"22":2,"23":1,"24":2,"25":2,"26":1,"27":1,"28":1,"29":2,"30":2},"f":{"0":3,"1":3,"2":3,"3":3,"4":2,"5":2,"6":2,"7":2,"8":3,"9":3,"10":5,"11":2,"12":2,"13":1,"14":1,"15":2},"b":{"0":[1],"1":[0],"2":[1,2],"3":[1,1],"4":[1]},"_coverageSchema":"1a1c01bbd47fc00a2c39e90264f33305004495a9","hash":"476dc8616129e1c255bf8fd1116977a5ba50977c"}
,"C:\\Users\\aaa221105\\Desktop\\courierManagmentSystemWeb-main\\src\\utils\\format.js": {"path":"C:\\Users\\aaa221105\\Desktop\\courierManagmentSystemWeb-main\\src\\utils\\format.js","statementMap":{"0":{"start":{"line":1,"column":22},"end":{"line":5,"column":2}},"1":{"start":{"line":7,"column":22},"end":{"line":10,"column":2}},"2":{"start":{"line":12,"column":21},"end":{"line":12,"column":28}},"3":{"start":{"line":13,"column":26},"end":{"line":13,"column":27}},"4":{"start":{"line":14,"column":24},"end":{"line":14,"column":27}},"5":{"start":{"line":16,"column":25},"end":{"line":20,"column":2}},"6":{"start":{"line":23,"column":2},"end":{"line":23,"column":43}},"7":{"start":{"line":26,"column":32},"end":{"line":33,"column":1}},"8":{"start":{"line":27,"column":2},"end":{"line":27,"column":24}},"9":{"start":{"line":27,"column":14},"end":{"line":27,"column":24}},"10":{"start":{"line":28,"column":15},"end":{"line":28,"column":66}},"11":{"start":{"line":29,"column":14},"end":{"line":29,"column":37}},"12":{"start":{"line":30,"column":16},"end":{"line":30,"column":44}},"13":{"start":{"line":31,"column":15},"end":{"line":31,"column":33}},"14":{"start":{"line":32,"column":2},"end":{"line":32,"column":34}},"15":{"start":{"line":35,"column":26},"end":{"line":39,"column":1}},"16":{"start":{"line":36,"column":2},"end":{"line":36,"column":24}},"17":{"start":{"line":36,"column":14},"end":{"line":36,"column":24}},"18":{"start":{"line":37,"column":15},"end":{"line":37,"column":66}},"19":{"start":{"line":38,"column":2},"end":{"line":38,"column":35}},"20":{"start":{"line":41,"column":26},"end":{"line":47,"column":1}},"21":{"start":{"line":42,"column":2},"end":{"line":42,"column":24}},"22":{"start":{"line":42,"column":14},"end":{"line":42,"column":24}},"23":{"start":{"line":43,"column":27},"end":{"line":43,"column":43}},"24":{"start":{"line":44,"column":15},"end":{"line":44,"column":25}},"25":{"start":{"line":45,"column":2},"end":{"line":45,"column":47}},"26":{"start":{"line":46,"column":2},"end":{"line":46,"column":35}},"27":{"start":{"line":49,"column":31},"end":{"line":58,"column":1}},"28":{"start":{"line":50,"column":2},"end":{"line":50,"column":24}},"29":{"start":{"line":50,"column":14},"end":{"line":50,"column":24}},"30":{"start":{"line":51,"column":15},"end":{"line":51,"column":30}},"31":{"start":{"line":52,"column":2},"end":{"line":54,"column":3}},"32":{"start":{"line":53,"column":4},"end":{"line":53,"column":72}},"33":{"start":{"line":55,"column":2},"end":{"line":55,"column":35}},"34":{"start":{"line":56,"column":20},"end":{"line":56,"column":38}},"35":{"start":{"line":57,"column":2},"end":{"line":57,"column":18}},"36":{"start":{"line":60,"column":33},"end":{"line":67,"column":1}},"37":{"start":{"line":61,"column":20},"end":{"line":61,"column":35}},"38":{"start":{"line":62,"column":18},"end":{"line":62,"column":31}},"39":{"start":{"line":63,"column":17},"end":{"line":63,"column":51}},"40":{"start":{"line":64,"column":19},"end":{"line":64,"column":48}},"41":{"start":{"line":65,"column":20},"end":{"line":65,"column":61}},"42":{"start":{"line":66,"column":2},"end":{"line":66,"column":78}},"43":{"start":{"line":69,"column":28},"end":{"line":75,"column":1}},"44":{"start":{"line":70,"column":2},"end":{"line":70,"column":55}},"45":{"start":{"line":70,"column":45},"end":{"line":70,"column":55}},"46":{"start":{"line":71,"column":2},"end":{"line":74,"column":26}},"47":{"start":{"line":77,"column":30},"end":{"line":83,"column":1}},"48":{"start":{"line":78,"column":2},"end":{"line":78,"column":55}},"49":{"start":{"line":78,"column":45},"end":{"line":78,"column":55}},"50":{"start":{"line":79,"column":2},"end":{"line":82,"column":26}},"51":{"start":{"line":85,"column":27},"end":{"line":88,"column":1}},"52":{"start":{"line":86,"column":15},"end":{"line":86,"column":35}},"53":{"start":{"line":87,"column":2},"end":{"line":87,"column":45}},"54":{"start":{"line":90,"column":27},"end":{"line":93,"column":1}},"55":{"start":{"line":91,"column":16},"end":{"line":91,"column":50}},"56":{"start":{"line":92,"column":2},"end":{"line":92,"column":31}}},"fnMap":{"0":{"name":"padZero","decl":{"start":{"line":22,"column":9},"end":{"line":22,"column":16}},"loc":{"start":{"line":22,"column":22},"end":{"line":24,"column":1}},"line":22},"1":{"name":"(anonymous_1)","decl":{"start":{"line":26,"column":32},"end":{"line":26,"column":33}},"loc":{"start":{"line":26,"column":43},"end":{"line":33,"column":1}},"line":26},"2":{"name":"(anonymous_2)","decl":{"start":{"line":35,"column":26},"end":{"line":35,"column":27}},"loc":{"start":{"line":35,"column":37},"end":{"line":39,"column":1}},"line":35},"3":{"name":"(anonymous_3)","decl":{"start":{"line":41,"column":26},"end":{"line":41,"column":27}},"loc":{"start":{"line":41,"column":37},"end":{"line":47,"column":1}},"line":41},"4":{"name":"(anonymous_4)","decl":{"start":{"line":49,"column":31},"end":{"line":49,"column":32}},"loc":{"start":{"line":49,"column":62},"end":{"line":58,"column":1}},"line":49},"5":{"name":"(anonymous_5)","decl":{"start":{"line":60,"column":33},"end":{"line":60,"column":34}},"loc":{"start":{"line":60,"column":49},"end":{"line":67,"column":1}},"line":60},"6":{"name":"(anonymous_6)","decl":{"start":{"line":69,"column":28},"end":{"line":69,"column":29}},"loc":{"start":{"line":69,"column":53},"end":{"line":75,"column":1}},"line":69},"7":{"name":"(anonymous_7)","decl":{"start":{"line":77,"column":30},"end":{"line":77,"column":31}},"loc":{"start":{"line":77,"column":59},"end":{"line":83,"column":1}},"line":77},"8":{"name":"(anonymous_8)","decl":{"start":{"line":85,"column":27},"end":{"line":85,"column":28}},"loc":{"start":{"line":85,"column":43},"end":{"line":88,"column":1}},"line":85},"9":{"name":"(anonymous_9)","decl":{"start":{"line":90,"column":27},"end":{"line":90,"column":28}},"loc":{"start":{"line":90,"column":43},"end":{"line":93,"column":1}},"line":90}},"branchMap":{"0":{"loc":{"start":{"line":23,"column":9},"end":{"line":23,"column":43}},"type":"cond-expr","locations":[{"start":{"line":23,"column":20},"end":{"line":23,"column":29}},{"start":{"line":23,"column":32},"end":{"line":23,"column":43}}],"line":23},"1":{"loc":{"start":{"line":27,"column":2},"end":{"line":27,"column":24}},"type":"if","locations":[{"start":{"line":27,"column":2},"end":{"line":27,"column":24}},{"start":{},"end":{}}],"line":27},"2":{"loc":{"start":{"line":28,"column":15},"end":{"line":28,"column":66}},"type":"cond-expr","locations":[{"start":{"line":28,"column":43},"end":{"line":28,"column":58}},{"start":{"line":28,"column":61},"end":{"line":28,"column":66}}],"line":28},"3":{"loc":{"start":{"line":36,"column":2},"end":{"line":36,"column":24}},"type":"if","locations":[{"start":{"line":36,"column":2},"end":{"line":36,"column":24}},{"start":{},"end":{}}],"line":36},"4":{"loc":{"start":{"line":37,"column":15},"end":{"line":37,"column":66}},"type":"cond-expr","locations":[{"start":{"line":37,"column":43},"end":{"line":37,"column":58}},{"start":{"line":37,"column":61},"end":{"line":37,"column":66}}],"line":37},"5":{"loc":{"start":{"line":42,"column":2},"end":{"line":42,"column":24}},"type":"if","locations":[{"start":{"line":42,"column":2},"end":{"line":42,"column":24}},{"start":{},"end":{}}],"line":42},"6":{"loc":{"start":{"line":49,"column":39},"end":{"line":49,"column":57}},"type":"default-arg","locations":[{"start":{"line":49,"column":53},"end":{"line":49,"column":57}}],"line":49},"7":{"loc":{"start":{"line":50,"column":2},"end":{"line":50,"column":24}},"type":"if","locations":[{"start":{"line":50,"column":2},"end":{"line":50,"column":24}},{"start":{},"end":{}}],"line":50},"8":{"loc":{"start":{"line":52,"column":2},"end":{"line":54,"column":3}},"type":"if","locations":[{"start":{"line":52,"column":2},"end":{"line":54,"column":3}},{"start":{},"end":{}}],"line":52},"9":{"loc":{"start":{"line":69,"column":36},"end":{"line":69,"column":48}},"type":"default-arg","locations":[{"start":{"line":69,"column":46},"end":{"line":69,"column":48}}],"line":69},"10":{"loc":{"start":{"line":70,"column":2},"end":{"line":70,"column":55}},"type":"if","locations":[{"start":{"line":70,"column":2},"end":{"line":70,"column":55}},{"start":{},"end":{}}],"line":70},"11":{"loc":{"start":{"line":70,"column":6},"end":{"line":70,"column":43}},"type":"binary-expr","locations":[{"start":{"line":70,"column":6},"end":{"line":70,"column":20}},{"start":{"line":70,"column":24},"end":{"line":70,"column":43}}],"line":70},"12":{"loc":{"start":{"line":77,"column":38},"end":{"line":77,"column":54}},"type":"default-arg","locations":[{"start":{"line":77,"column":49},"end":{"line":77,"column":54}}],"line":77},"13":{"loc":{"start":{"line":78,"column":2},"end":{"line":78,"column":55}},"type":"if","locations":[{"start":{"line":78,"column":2},"end":{"line":78,"column":55}},{"start":{},"end":{}}],"line":78},"14":{"loc":{"start":{"line":78,"column":6},"end":{"line":78,"column":43}},"type":"binary-expr","locations":[{"start":{"line":78,"column":6},"end":{"line":78,"column":20}},{"start":{"line":78,"column":24},"end":{"line":78,"column":43}}],"line":78},"15":{"loc":{"start":{"line":87,"column":9},"end":{"line":87,"column":45}},"type":"binary-expr","locations":[{"start":{"line":87,"column":9},"end":{"line":87,"column":29}},{"start":{"line":87,"column":33},"end":{"line":87,"column":45}}],"line":87}},"s":{"0":0,"1":0,"2":0,"3":0,"4":0,"5":0,"6":0,"7":0,"8":0,"9":0,"10":0,"11":0,"12":0,"13":0,"14":0,"15":0,"16":0,"17":0,"18":0,"19":0,"20":0,"21":0,"22":0,"23":0,"24":0,"25":0,"26":0,"27":0,"28":0,"29":0,"30":0,"31":0,"32":0,"33":0,"34":0,"35":0,"36":0,"37":0,"38":0,"39":0,"40":0,"41":0,"42":0,"43":0,"44":0,"45":0,"46":0,"47":0,"48":0,"49":0,"50":0,"51":0,"52":0,"53":0,"54":0,"55":0,"56":0},"f":{"0":0,"1":0,"2":0,"3":0,"4":0,"5":0,"6":0,"7":0,"8":0,"9":0},"b":{"0":[0,0],"1":[0,0],"2":[0,0],"3":[0,0],"4":[0,0],"5":[0,0],"6":[0],"7":[0,0],"8":[0,0],"9":[0],"10":[0,0],"11":[0,0],"12":[0],"13":[0,0],"14":[0,0],"15":[0,0]}}
,"C:\\Users\\aaa221105\\Desktop\\courierManagmentSystemWeb-main\\src\\utils\\urlBuilder.js": {"path":"C:\\Users\\aaa221105\\Desktop\\courierManagmentSystemWeb-main\\src\\utils\\urlBuilder.js","statementMap":{"0":{"start":{"line":13,"column":15},"end":{"line":13,"column":67}},"1":{"start":{"line":14,"column":14},"end":{"line":14,"column":27}},"2":{"start":{"line":16,"column":2},"end":{"line":21,"column":3}},"3":{"start":{"line":17,"column":4},"end":{"line":20,"column":6}},"4":{"start":{"line":18,"column":6},"end":{"line":18,"column":71}},"5":{"start":{"line":18,"column":65},"end":{"line":18,"column":71}},"6":{"start":{"line":19,"column":6},"end":{"line":19,"column":41}},"7":{"start":{"line":23,"column":2},"end":{"line":23,"column":23}},"8":{"start":{"line":34,"column":2},"end":{"line":34,"column":49}},"9":{"start":{"line":43,"column":2},"end":{"line":46,"column":14}},"10":{"start":{"line":44,"column":23},"end":{"line":44,"column":52}},"11":{"start":{"line":45,"column":21},"end":{"line":45,"column":72}}},"fnMap":{"0":{"name":"buildUrl","decl":{"start":{"line":12,"column":16},"end":{"line":12,"column":24}},"loc":{"start":{"line":12,"column":79},"end":{"line":24,"column":1}},"line":12},"1":{"name":"(anonymous_1)","decl":{"start":{"line":17,"column":35},"end":{"line":17,"column":36}},"loc":{"start":{"line":17,"column":53},"end":{"line":20,"column":5}},"line":17},"2":{"name":"constructApiUrl","decl":{"start":{"line":33,"column":16},"end":{"line":33,"column":31}},"loc":{"start":{"line":33,"column":95},"end":{"line":35,"column":1}},"line":33},"3":{"name":"formatQueryString","decl":{"start":{"line":42,"column":16},"end":{"line":42,"column":33}},"loc":{"start":{"line":42,"column":42},"end":{"line":47,"column":1}},"line":42},"4":{"name":"(anonymous_4)","decl":{"start":{"line":44,"column":12},"end":{"line":44,"column":13}},"loc":{"start":{"line":44,"column":23},"end":{"line":44,"column":52}},"line":44},"5":{"name":"(anonymous_5)","decl":{"start":{"line":45,"column":9},"end":{"line":45,"column":10}},"loc":{"start":{"line":45,"column":21},"end":{"line":45,"column":72}},"line":45}},"branchMap":{"0":{"loc":{"start":{"line":12,"column":31},"end":{"line":12,"column":42}},"type":"default-arg","locations":[{"start":{"line":12,"column":40},"end":{"line":12,"column":42}}],"line":12},"1":{"loc":{"start":{"line":12,"column":44},"end":{"line":12,"column":77}},"type":"default-arg","locations":[{"start":{"line":12,"column":54},"end":{"line":12,"column":77}}],"line":12},"2":{"loc":{"start":{"line":13,"column":15},"end":{"line":13,"column":67}},"type":"cond-expr","locations":[{"start":{"line":13,"column":41},"end":{"line":13,"column":45}},{"start":{"line":13,"column":48},"end":{"line":13,"column":67}}],"line":13},"3":{"loc":{"start":{"line":16,"column":2},"end":{"line":21,"column":3}},"type":"if","locations":[{"start":{"line":16,"column":2},"end":{"line":21,"column":3}},{"start":{},"end":{}}],"line":16},"4":{"loc":{"start":{"line":18,"column":6},"end":{"line":18,"column":71}},"type":"if","locations":[{"start":{"line":18,"column":6},"end":{"line":18,"column":71}},{"start":{},"end":{}}],"line":18},"5":{"loc":{"start":{"line":18,"column":10},"end":{"line":18,"column":63}},"type":"binary-expr","locations":[{"start":{"line":18,"column":10},"end":{"line":18,"column":29}},{"start":{"line":18,"column":33},"end":{"line":18,"column":47}},{"start":{"line":18,"column":51},"end":{"line":18,"column":63}}],"line":18},"6":{"loc":{"start":{"line":33,"column":42},"end":{"line":33,"column":58}},"type":"default-arg","locations":[{"start":{"line":33,"column":56},"end":{"line":33,"column":58}}],"line":33},"7":{"loc":{"start":{"line":33,"column":60},"end":{"line":33,"column":93}},"type":"default-arg","locations":[{"start":{"line":33,"column":70},"end":{"line":33,"column":93}}],"line":33},"8":{"loc":{"start":{"line":44,"column":23},"end":{"line":44,"column":52}},"type":"binary-expr","locations":[{"start":{"line":44,"column":23},"end":{"line":44,"column":38}},{"start":{"line":44,"column":42},"end":{"line":44,"column":52}}],"line":44}},"s":{"0":18,"1":18,"2":18,"3":18,"4":24,"5":3,"6":21,"7":18,"8":2,"9":10,"10":24,"11":22},"f":{"0":18,"1":24,"2":2,"3":10,"4":24,"5":22},"b":{"0":[1],"1":[13],"2":[2,16],"3":[18,0],"4":[3,21],"5":[24,23,22],"6":[0],"7":[1],"8":[24,23]},"_coverageSchema":"1a1c01bbd47fc00a2c39e90264f33305004495a9","hash":"4e664d2ad7385ebb8ab8b6368440484c6a591fbe"}
}
