TN:
SF:src\App.jsx
FN:12,ProtectedLayout
FN:23,RoleGuard
FN:33,AppRoutes
FN:85,App
FNF:4
FNH:0
FNDA:0,ProtectedLayout
FNDA:0,RoleGuard
FNDA:0,AppRoutes
FNDA:0,App
DA:13,0
DA:14,0
DA:16,0
DA:17,0
DA:20,0
DA:24,0
DA:26,0
DA:27,0
DA:30,0
DA:34,0
DA:86,0
LF:11
LH:0
BRDA:16,0,0,0
BRDA:16,0,1,0
BRDA:26,1,0,0
BRDA:26,1,1,0
BRDA:26,2,0,0
BRDA:26,2,1,0
BRF:6
BRH:0
end_of_record
TN:
SF:src\constants.js
FNF:0
FNH:0
DA:1,0
DA:2,0
DA:3,0
DA:4,0
DA:6,0
DA:7,0
DA:8,0
DA:9,0
DA:10,0
DA:12,0
DA:13,0
DA:15,0
DA:22,0
DA:29,0
DA:36,0
DA:42,0
DA:48,0
DA:55,0
DA:63,0
DA:70,0
LF:20
LH:0
BRF:0
BRH:0
end_of_record
TN:
SF:src\api\client.js
FN:10,sleep
FN:11,(anonymous_1)
FN:14,withRetry
FN:29,logRequest
FN:35,logResponse
FN:41,apiRequest
FN:104,apiGet
FN:108,apiPost
FN:112,apiPut
FN:116,apiDelete
FNF:10
FNH:0
FNDA:0,sleep
FNDA:0,(anonymous_1)
FNDA:0,withRetry
FNDA:0,logRequest
FNDA:0,logResponse
FNDA:0,apiRequest
FNDA:0,apiGet
FNDA:0,apiPost
FNDA:0,apiPut
FNDA:0,apiDelete
DA:1,0
DA:3,0
DA:4,0
DA:6,0
DA:7,0
DA:8,0
DA:11,0
DA:16,0
DA:17,0
DA:18,0
DA:20,0
DA:21,0
DA:24,0
DA:30,0
DA:31,0
DA:36,0
DA:37,0
DA:49,0
DA:51,0
DA:52,0
DA:54,0
DA:55,0
DA:64,0
DA:65,0
DA:68,0
DA:69,0
DA:70,0
DA:71,0
DA:72,0
DA:75,0
DA:76,0
DA:77,0
DA:79,0
DA:81,0
DA:82,0
DA:83,0
DA:85,0
DA:89,0
DA:90,0
DA:95,0
DA:96,0
DA:97,0
DA:98,0
DA:101,0
DA:105,0
DA:109,0
DA:113,0
DA:117,0
LF:48
LH:0
BRDA:1,0,0,0
BRDA:1,0,1,0
BRDA:14,1,0,0
BRDA:30,2,0,0
BRDA:30,2,1,0
BRDA:31,3,0,0
BRDA:31,3,1,0
BRDA:36,4,0,0
BRDA:36,4,1,0
BRDA:41,5,0,0
BRDA:43,6,0,0
BRDA:47,7,0,0
BRDA:48,8,0,0
BRDA:64,9,0,0
BRDA:64,9,1,0
BRDA:68,10,0,0
BRDA:68,10,1,0
BRDA:70,11,0,0
BRDA:70,11,1,0
BRDA:70,12,0,0
BRDA:70,12,1,0
BRDA:81,13,0,0
BRDA:81,13,1,0
BRDA:89,14,0,0
BRDA:89,14,1,0
BRDA:91,15,0,0
BRDA:91,15,1,0
BRDA:91,15,2,0
BRF:28
BRH:0
end_of_record
TN:
SF:src\api\endpoints.js
FN:9,(anonymous_0)
FN:14,(anonymous_1)
FN:20,(anonymous_2)
FN:26,(anonymous_3)
FN:33,(anonymous_4)
FN:37,(anonymous_5)
FN:43,(anonymous_6)
FN:49,(anonymous_7)
FN:56,(anonymous_8)
FN:60,(anonymous_9)
FN:66,(anonymous_10)
FN:72,(anonymous_11)
FN:79,(anonymous_12)
FN:84,(anonymous_13)
FN:88,(anonymous_14)
FN:94,(anonymous_15)
FN:100,(anonymous_16)
FN:105,(anonymous_17)
FN:113,(anonymous_18)
FN:118,(anonymous_19)
FN:124,(anonymous_20)
FN:132,(anonymous_21)
FN:134,(anonymous_22)
FN:136,(anonymous_23)
FN:144,(anonymous_24)
FN:149,(anonymous_25)
FN:156,(anonymous_26)
FN:158,(anonymous_27)
FN:163,(anonymous_28)
FN:172,(anonymous_29)
FN:173,(anonymous_30)
FN:174,(anonymous_31)
FN:177,buildEndpoint
FN:181,withAuth
FNF:34
FNH:0
FNDA:0,(anonymous_0)
FNDA:0,(anonymous_1)
FNDA:0,(anonymous_2)
FNDA:0,(anonymous_3)
FNDA:0,(anonymous_4)
FNDA:0,(anonymous_5)
FNDA:0,(anonymous_6)
FNDA:0,(anonymous_7)
FNDA:0,(anonymous_8)
FNDA:0,(anonymous_9)
FNDA:0,(anonymous_10)
FNDA:0,(anonymous_11)
FNDA:0,(anonymous_12)
FNDA:0,(anonymous_13)
FNDA:0,(anonymous_14)
FNDA:0,(anonymous_15)
FNDA:0,(anonymous_16)
FNDA:0,(anonymous_17)
FNDA:0,(anonymous_18)
FNDA:0,(anonymous_19)
FNDA:0,(anonymous_20)
FNDA:0,(anonymous_21)
FNDA:0,(anonymous_22)
FNDA:0,(anonymous_23)
FNDA:0,(anonymous_24)
FNDA:0,(anonymous_25)
FNDA:0,(anonymous_26)
FNDA:0,(anonymous_27)
FNDA:0,(anonymous_28)
FNDA:0,(anonymous_29)
FNDA:0,(anonymous_30)
FNDA:0,(anonymous_31)
FNDA:0,buildEndpoint
FNDA:0,withAuth
DA:4,0
DA:5,0
DA:7,0
DA:10,0
DA:15,0
DA:21,0
DA:27,0
DA:34,0
DA:38,0
DA:44,0
DA:50,0
DA:57,0
DA:61,0
DA:67,0
DA:73,0
DA:80,0
DA:85,0
DA:89,0
DA:95,0
DA:101,0
DA:106,0
DA:114,0
DA:119,0
DA:125,0
DA:133,0
DA:135,0
DA:137,0
DA:145,0
DA:150,0
DA:157,0
DA:159,0
DA:164,0
DA:171,0
DA:172,0
DA:173,0
DA:174,0
DA:178,0
DA:182,0
LF:38
LH:0
BRDA:12,0,0,0
BRDA:12,0,1,0
BRF:2
BRH:0
end_of_record
TN:
SF:src\components\deliveries\DeliveryDetails.jsx
FN:3,DeliveryDetails
FN:46,(anonymous_1)
FN:55,(anonymous_2)
FNF:3
FNH:0
FNDA:0,DeliveryDetails
FNDA:0,(anonymous_1)
FNDA:0,(anonymous_2)
DA:4,0
DA:6,0
DA:47,0
DA:56,0
LF:4
LH:0
BRDA:4,0,0,0
BRDA:4,0,1,0
BRDA:11,1,0,0
BRDA:11,1,1,0
BRDA:13,2,0,0
BRDA:13,2,1,0
BRF:6
BRH:0
end_of_record
TN:
SF:src\components\layout\AppLayout.jsx
FN:20,AppLayout
FN:25,(anonymous_1)
FN:26,(anonymous_2)
FN:30,(anonymous_3)
FN:33,(anonymous_4)
FN:46,(anonymous_5)
FN:50,(anonymous_6)
FNF:7
FNH:0
FNDA:0,AppLayout
FNDA:0,(anonymous_1)
FNDA:0,(anonymous_2)
FNDA:0,(anonymous_3)
FNDA:0,(anonymous_4)
FNDA:0,(anonymous_5)
FNDA:0,(anonymous_6)
DA:5,0
DA:14,0
DA:21,0
DA:22,0
DA:23,0
DA:25,0
DA:26,0
DA:30,0
DA:33,0
DA:34,0
DA:35,0
DA:38,0
DA:47,0
DA:51,0
LF:14
LH:0
BRDA:30,0,0,0
BRDA:30,0,1,0
BRDA:51,1,0,0
BRDA:51,1,1,0
BRDA:62,2,0,0
BRDA:62,2,1,0
BRF:6
BRH:0
end_of_record
TN:
SF:src\pages\CourierDeliveriesPage.jsx
FN:14,getStatusColor
FN:24,getStatusPriority
FN:35,sortDeliveriesByStatus
FN:36,(anonymous_3)
FN:42,filterTodayDeliveries
FN:44,(anonymous_5)
FN:48,groupDeliveriesByDate
FN:49,(anonymous_7)
FN:57,CourierDeliveriesPage
FN:81,(anonymous_9)
FN:85,(anonymous_10)
FN:89,(anonymous_11)
FN:93,(anonymous_12)
FN:96,(anonymous_13)
FN:97,(anonymous_14)
FN:101,(anonymous_15)
FN:103,(anonymous_16)
FN:107,(anonymous_17)
FN:110,(anonymous_18)
FN:127,(anonymous_19)
FN:133,(anonymous_20)
FN:134,(anonymous_21)
FN:137,(anonymous_22)
FN:141,(anonymous_23)
FN:142,(anonymous_24)
FN:145,(anonymous_25)
FN:150,(anonymous_26)
FN:157,(anonymous_27)
FN:163,(anonymous_28)
FN:181,(anonymous_29)
FN:187,(anonymous_30)
FN:201,(anonymous_31)
FN:202,(anonymous_32)
FN:210,(anonymous_33)
FN:211,(anonymous_34)
FN:218,(anonymous_35)
FN:230,(anonymous_36)
FN:231,(anonymous_37)
FN:243,(anonymous_38)
FN:244,(anonymous_39)
FN:265,(anonymous_40)
FN:282,(anonymous_41)
FN:304,(anonymous_42)
FNF:43
FNH:0
FNDA:0,getStatusColor
FNDA:0,getStatusPriority
FNDA:0,sortDeliveriesByStatus
FNDA:0,(anonymous_3)
FNDA:0,filterTodayDeliveries
FNDA:0,(anonymous_5)
FNDA:0,groupDeliveriesByDate
FNDA:0,(anonymous_7)
FNDA:0,CourierDeliveriesPage
FNDA:0,(anonymous_9)
FNDA:0,(anonymous_10)
FNDA:0,(anonymous_11)
FNDA:0,(anonymous_12)
FNDA:0,(anonymous_13)
FNDA:0,(anonymous_14)
FNDA:0,(anonymous_15)
FNDA:0,(anonymous_16)
FNDA:0,(anonymous_17)
FNDA:0,(anonymous_18)
FNDA:0,(anonymous_19)
FNDA:0,(anonymous_20)
FNDA:0,(anonymous_21)
FNDA:0,(anonymous_22)
FNDA:0,(anonymous_23)
FNDA:0,(anonymous_24)
FNDA:0,(anonymous_25)
FNDA:0,(anonymous_26)
FNDA:0,(anonymous_27)
FNDA:0,(anonymous_28)
FNDA:0,(anonymous_29)
FNDA:0,(anonymous_30)
FNDA:0,(anonymous_31)
FNDA:0,(anonymous_32)
FNDA:0,(anonymous_33)
FNDA:0,(anonymous_34)
FNDA:0,(anonymous_35)
FNDA:0,(anonymous_36)
FNDA:0,(anonymous_37)
FNDA:0,(anonymous_38)
FNDA:0,(anonymous_39)
FNDA:0,(anonymous_40)
FNDA:0,(anonymous_41)
FNDA:0,(anonymous_42)
DA:9,0
DA:10,0
DA:11,0
DA:15,0
DA:21,0
DA:25,0
DA:31,0
DA:36,0
DA:37,0
DA:43,0
DA:44,0
DA:49,0
DA:50,0
DA:51,0
DA:52,0
DA:53,0
DA:58,0
DA:59,0
DA:60,0
DA:61,0
DA:62,0
DA:68,0
DA:69,0
DA:70,0
DA:71,0
DA:74,0
DA:75,0
DA:76,0
DA:77,0
DA:78,0
DA:81,0
DA:82,0
DA:85,0
DA:86,0
DA:89,0
DA:90,0
DA:93,0
DA:96,0
DA:97,0
DA:101,0
DA:102,0
DA:103,0
DA:104,0
DA:105,0
DA:107,0
DA:110,0
DA:111,0
DA:112,0
DA:115,0
DA:117,0
DA:118,0
DA:119,0
DA:121,0
DA:123,0
DA:127,0
DA:128,0
DA:133,0
DA:134,0
DA:136,0
DA:137,0
DA:141,0
DA:142,0
DA:145,0
DA:146,0
DA:147,0
DA:150,0
DA:151,0
DA:152,0
DA:153,0
DA:157,0
DA:158,0
DA:159,0
DA:160,0
DA:163,0
DA:164,0
DA:165,0
DA:168,0
DA:170,0
DA:171,0
DA:172,0
DA:174,0
DA:176,0
DA:181,0
DA:182,0
DA:183,0
DA:187,0
DA:188,0
DA:189,0
DA:192,0
DA:202,0
DA:211,0
DA:219,0
DA:231,0
DA:244,0
DA:266,0
DA:282,0
DA:304,0
LF:97
LH:0
BRDA:21,0,0,0
BRDA:21,0,1,0
BRDA:31,1,0,0
BRDA:31,1,1,0
BRDA:51,2,0,0
BRDA:51,2,1,0
BRDA:102,3,0,0
BRDA:102,3,1,0
BRDA:142,4,0,0
BRDA:142,4,1,0
BRDA:259,5,0,0
BRDA:259,5,1,0
BRDA:261,6,0,0
BRDA:261,6,1,0
BRDA:289,7,0,0
BRDA:289,7,1,0
BRDA:296,8,0,0
BRDA:296,8,1,0
BRDA:297,9,0,0
BRDA:297,9,1,0
BRDA:298,10,0,0
BRDA:298,10,1,0
BRDA:298,10,2,0
BRDA:301,11,0,0
BRDA:301,11,1,0
BRDA:301,11,2,0
BRF:26
BRH:0
end_of_record
TN:
SF:src\pages\DashboardPage.jsx
FN:13,groupByStatus
FN:14,(anonymous_1)
FN:22,isToday
FN:28,calculateStats
FN:31,(anonymous_4)
FN:32,(anonymous_5)
FN:33,(anonymous_6)
FN:37,DashboardPage
FN:50,(anonymous_8)
FN:57,(anonymous_9)
FN:65,(anonymous_10)
FN:70,(anonymous_11)
FN:72,(anonymous_12)
FN:75,(anonymous_13)
FN:78,(anonymous_14)
FN:84,(anonymous_15)
FN:116,(anonymous_16)
FN:152,(anonymous_17)
FN:172,(anonymous_18)
FN:190,(anonymous_19)
FN:196,(anonymous_20)
FN:204,(anonymous_21)
FN:230,(anonymous_22)
FN:251,(anonymous_23)
FNF:24
FNH:0
FNDA:0,groupByStatus
FNDA:0,(anonymous_1)
FNDA:0,isToday
FNDA:0,calculateStats
FNDA:0,(anonymous_4)
FNDA:0,(anonymous_5)
FNDA:0,(anonymous_6)
FNDA:0,DashboardPage
FNDA:0,(anonymous_8)
FNDA:0,(anonymous_9)
FNDA:0,(anonymous_10)
FNDA:0,(anonymous_11)
FNDA:0,(anonymous_12)
FNDA:0,(anonymous_13)
FNDA:0,(anonymous_14)
FNDA:0,(anonymous_15)
FNDA:0,(anonymous_16)
FNDA:0,(anonymous_17)
FNDA:0,(anonymous_18)
FNDA:0,(anonymous_19)
FNDA:0,(anonymous_20)
FNDA:0,(anonymous_21)
FNDA:0,(anonymous_22)
FNDA:0,(anonymous_23)
DA:8,0
DA:9,0
DA:10,0
DA:14,0
DA:15,0
DA:16,0
DA:17,0
DA:23,0
DA:24,0
DA:29,0
DA:31,0
DA:32,0
DA:33,0
DA:38,0
DA:39,0
DA:40,0
DA:41,0
DA:44,0
DA:45,0
DA:46,0
DA:47,0
DA:50,0
DA:51,0
DA:52,0
DA:54,0
DA:57,0
DA:58,0
DA:59,0
DA:61,0
DA:65,0
DA:66,0
DA:70,0
DA:71,0
DA:72,0
DA:73,0
DA:75,0
DA:78,0
DA:79,0
DA:82,0
DA:84,0
DA:85,0
DA:86,0
DA:87,0
DA:88,0
DA:89,0
DA:94,0
DA:95,0
DA:97,0
DA:98,0
DA:99,0
DA:100,0
DA:102,0
DA:103,0
DA:104,0
DA:105,0
DA:109,0
DA:111,0
DA:115,0
DA:116,0
DA:117,0
DA:121,0
DA:122,0
DA:125,0
DA:126,0
DA:129,0
DA:130,0
DA:153,0
DA:167,0
DA:168,0
DA:169,0
DA:173,0
DA:178,0
DA:190,0
DA:196,0
DA:205,0
DA:227,0
DA:228,0
DA:229,0
DA:230,0
DA:233,0
DA:252,0
LF:81
LH:0
BRDA:15,0,0,0
BRDA:15,0,1,0
BRDA:16,1,0,0
BRDA:16,1,1,0
BRDA:51,2,0,0
BRDA:51,2,1,0
BRDA:58,3,0,0
BRDA:58,3,1,0
BRDA:71,4,0,0
BRDA:71,4,1,0
BRDA:88,5,0,0
BRDA:88,5,1,0
BRDA:94,6,0,0
BRDA:94,6,1,0
BRDA:97,7,0,0
BRDA:97,7,1,0
BRDA:99,8,0,0
BRDA:99,8,1,0
BRDA:102,9,0,0
BRDA:102,9,1,0
BRDA:104,10,0,0
BRDA:104,10,1,0
BRDA:109,11,0,0
BRDA:109,11,1,0
BRDA:111,12,0,0
BRDA:111,12,1,0
BRDA:121,13,0,0
BRDA:121,13,1,0
BRDA:125,14,0,0
BRDA:125,14,1,0
BRDA:129,15,0,0
BRDA:129,15,1,0
BRDA:137,16,0,0
BRDA:137,16,1,0
BRDA:141,17,0,0
BRDA:141,17,1,0
BRDA:145,18,0,0
BRDA:145,18,1,0
BRDA:152,19,0,0
BRDA:152,19,1,0
BRDA:158,20,0,0
BRDA:158,20,1,0
BRDA:158,21,0,0
BRDA:158,21,1,0
BRDA:167,22,0,0
BRDA:167,22,1,0
BRDA:168,23,0,0
BRDA:168,23,1,0
BRDA:207,24,0,0
BRDA:207,24,1,0
BRDA:210,25,0,0
BRDA:210,25,1,0
BRDA:218,26,0,0
BRDA:218,26,1,0
BRDA:227,27,0,0
BRDA:227,27,1,0
BRDA:262,28,0,0
BRDA:262,28,1,0
BRF:58
BRH:0
end_of_record
TN:
SF:src\pages\DeliveriesPage.jsx
FN:16,validateCoordinates
FN:22,validateTimeWindow
FN:34,createDeliveryPoint
FN:44,calculateDistance
FN:57,optimizeRoute
FN:80,(anonymous_5)
FN:109,(anonymous_6)
FN:115,(anonymous_7)
FN:120,(anonymous_8)
FN:126,(anonymous_9)
FN:131,DeliveriesPage
FN:166,(anonymous_11)
FN:198,(anonymous_12)
FN:211,(anonymous_13)
FN:216,(anonymous_14)
FN:221,(anonymous_15)
FN:223,(anonymous_16)
FN:226,(anonymous_17)
FN:227,(anonymous_18)
FN:234,(anonymous_19)
FN:235,(anonymous_20)
FN:247,(anonymous_21)
FN:248,(anonymous_22)
FN:254,(anonymous_23)
FN:255,(anonymous_24)
FN:257,(anonymous_25)
FN:262,(anonymous_26)
FN:263,(anonymous_27)
FN:273,(anonymous_28)
FN:274,(anonymous_29)
FN:277,(anonymous_30)
FN:284,(anonymous_31)
FN:290,(anonymous_32)
FN:300,(anonymous_33)
FN:305,(anonymous_34)
FN:306,(anonymous_35)
FN:325,(anonymous_36)
FN:338,(anonymous_37)
FN:347,(anonymous_38)
FN:351,(anonymous_39)
FN:359,(anonymous_40)
FN:364,(anonymous_41)
FN:370,(anonymous_42)
FN:371,(anonymous_43)
FN:374,(anonymous_44)
FN:375,(anonymous_45)
FN:377,(anonymous_46)
FN:381,(anonymous_47)
FN:382,(anonymous_48)
FN:389,(anonymous_49)
FN:390,(anonymous_50)
FN:400,(anonymous_51)
FN:401,(anonymous_52)
FN:406,(anonymous_53)
FN:412,(anonymous_54)
FN:413,(anonymous_55)
FN:424,(anonymous_56)
FN:425,(anonymous_57)
FN:431,(anonymous_58)
FN:437,(anonymous_59)
FN:438,(anonymous_60)
FN:450,(anonymous_61)
FN:451,(anonymous_62)
FN:462,(anonymous_63)
FN:463,(anonymous_64)
FN:468,(anonymous_65)
FN:474,(anonymous_66)
FN:475,(anonymous_67)
FN:487,(anonymous_68)
FN:495,(anonymous_69)
FN:496,(anonymous_70)
FN:502,(anonymous_71)
FN:503,(anonymous_72)
FN:518,(anonymous_73)
FN:519,(anonymous_74)
FN:522,(anonymous_75)
FN:523,(anonymous_76)
FN:525,(anonymous_77)
FN:529,(anonymous_78)
FN:530,(anonymous_79)
FN:537,(anonymous_80)
FN:542,(anonymous_81)
FN:556,(anonymous_82)
FN:567,(anonymous_83)
FN:568,(anonymous_84)
FN:579,(anonymous_85)
FN:580,(anonymous_86)
FN:587,(anonymous_87)
FN:598,(anonymous_88)
FN:599,(anonymous_89)
FN:606,(anonymous_90)
FN:639,(anonymous_91)
FN:654,(anonymous_92)
FN:663,(anonymous_93)
FN:670,(anonymous_94)
FN:716,(anonymous_95)
FN:744,(anonymous_96)
FN:789,(anonymous_97)
FN:797,(anonymous_98)
FN:810,(anonymous_99)
FN:821,(anonymous_100)
FN:833,(anonymous_101)
FN:846,(anonymous_102)
FN:851,(anonymous_103)
FN:855,(anonymous_104)
FN:865,(anonymous_105)
FN:875,(anonymous_106)
FN:887,(anonymous_107)
FN:922,(anonymous_108)
FN:930,(anonymous_109)
FN:941,(anonymous_110)
FN:952,(anonymous_111)
FN:958,(anonymous_112)
FN:966,(anonymous_113)
FN:979,(anonymous_114)
FN:984,(anonymous_115)
FN:991,(anonymous_116)
FN:1001,(anonymous_117)
FN:1011,(anonymous_118)
FN:1020,(anonymous_119)
FN:1035,(anonymous_120)
FN:1040,(anonymous_121)
FN:1044,(anonymous_122)
FN:1049,(anonymous_123)
FN:1060,(anonymous_124)
FN:1067,(anonymous_125)
FN:1106,(anonymous_126)
FN:1116,(anonymous_127)
FN:1127,(anonymous_128)
FN:1135,(anonymous_129)
FN:1174,(anonymous_130)
FNF:131
FNH:0
FNDA:0,validateCoordinates
FNDA:0,validateTimeWindow
FNDA:0,createDeliveryPoint
FNDA:0,calculateDistance
FNDA:0,optimizeRoute
FNDA:0,(anonymous_5)
FNDA:0,(anonymous_6)
FNDA:0,(anonymous_7)
FNDA:0,(anonymous_8)
FNDA:0,(anonymous_9)
FNDA:0,DeliveriesPage
FNDA:0,(anonymous_11)
FNDA:0,(anonymous_12)
FNDA:0,(anonymous_13)
FNDA:0,(anonymous_14)
FNDA:0,(anonymous_15)
FNDA:0,(anonymous_16)
FNDA:0,(anonymous_17)
FNDA:0,(anonymous_18)
FNDA:0,(anonymous_19)
FNDA:0,(anonymous_20)
FNDA:0,(anonymous_21)
FNDA:0,(anonymous_22)
FNDA:0,(anonymous_23)
FNDA:0,(anonymous_24)
FNDA:0,(anonymous_25)
FNDA:0,(anonymous_26)
FNDA:0,(anonymous_27)
FNDA:0,(anonymous_28)
FNDA:0,(anonymous_29)
FNDA:0,(anonymous_30)
FNDA:0,(anonymous_31)
FNDA:0,(anonymous_32)
FNDA:0,(anonymous_33)
FNDA:0,(anonymous_34)
FNDA:0,(anonymous_35)
FNDA:0,(anonymous_36)
FNDA:0,(anonymous_37)
FNDA:0,(anonymous_38)
FNDA:0,(anonymous_39)
FNDA:0,(anonymous_40)
FNDA:0,(anonymous_41)
FNDA:0,(anonymous_42)
FNDA:0,(anonymous_43)
FNDA:0,(anonymous_44)
FNDA:0,(anonymous_45)
FNDA:0,(anonymous_46)
FNDA:0,(anonymous_47)
FNDA:0,(anonymous_48)
FNDA:0,(anonymous_49)
FNDA:0,(anonymous_50)
FNDA:0,(anonymous_51)
FNDA:0,(anonymous_52)
FNDA:0,(anonymous_53)
FNDA:0,(anonymous_54)
FNDA:0,(anonymous_55)
FNDA:0,(anonymous_56)
FNDA:0,(anonymous_57)
FNDA:0,(anonymous_58)
FNDA:0,(anonymous_59)
FNDA:0,(anonymous_60)
FNDA:0,(anonymous_61)
FNDA:0,(anonymous_62)
FNDA:0,(anonymous_63)
FNDA:0,(anonymous_64)
FNDA:0,(anonymous_65)
FNDA:0,(anonymous_66)
FNDA:0,(anonymous_67)
FNDA:0,(anonymous_68)
FNDA:0,(anonymous_69)
FNDA:0,(anonymous_70)
FNDA:0,(anonymous_71)
FNDA:0,(anonymous_72)
FNDA:0,(anonymous_73)
FNDA:0,(anonymous_74)
FNDA:0,(anonymous_75)
FNDA:0,(anonymous_76)
FNDA:0,(anonymous_77)
FNDA:0,(anonymous_78)
FNDA:0,(anonymous_79)
FNDA:0,(anonymous_80)
FNDA:0,(anonymous_81)
FNDA:0,(anonymous_82)
FNDA:0,(anonymous_83)
FNDA:0,(anonymous_84)
FNDA:0,(anonymous_85)
FNDA:0,(anonymous_86)
FNDA:0,(anonymous_87)
FNDA:0,(anonymous_88)
FNDA:0,(anonymous_89)
FNDA:0,(anonymous_90)
FNDA:0,(anonymous_91)
FNDA:0,(anonymous_92)
FNDA:0,(anonymous_93)
FNDA:0,(anonymous_94)
FNDA:0,(anonymous_95)
FNDA:0,(anonymous_96)
FNDA:0,(anonymous_97)
FNDA:0,(anonymous_98)
FNDA:0,(anonymous_99)
FNDA:0,(anonymous_100)
FNDA:0,(anonymous_101)
FNDA:0,(anonymous_102)
FNDA:0,(anonymous_103)
FNDA:0,(anonymous_104)
FNDA:0,(anonymous_105)
FNDA:0,(anonymous_106)
FNDA:0,(anonymous_107)
FNDA:0,(anonymous_108)
FNDA:0,(anonymous_109)
FNDA:0,(anonymous_110)
FNDA:0,(anonymous_111)
FNDA:0,(anonymous_112)
FNDA:0,(anonymous_113)
FNDA:0,(anonymous_114)
FNDA:0,(anonymous_115)
FNDA:0,(anonymous_116)
FNDA:0,(anonymous_117)
FNDA:0,(anonymous_118)
FNDA:0,(anonymous_119)
FNDA:0,(anonymous_120)
FNDA:0,(anonymous_121)
FNDA:0,(anonymous_122)
FNDA:0,(anonymous_123)
FNDA:0,(anonymous_124)
FNDA:0,(anonymous_125)
FNDA:0,(anonymous_126)
FNDA:0,(anonymous_127)
FNDA:0,(anonymous_128)
FNDA:0,(anonymous_129)
FNDA:0,(anonymous_130)
DA:9,0
DA:10,0
DA:11,0
DA:12,0
DA:13,0
DA:17,0
DA:18,0
DA:19,0
DA:23,0
DA:24,0
DA:25,0
DA:26,0
DA:27,0
DA:28,0
DA:30,0
DA:35,0
DA:45,0
DA:46,0
DA:47,0
DA:49,0
DA:52,0
DA:53,0
DA:58,0
DA:59,0
DA:60,0
DA:61,0
DA:62,0
DA:63,0
DA:64,0
DA:65,0
DA:66,0
DA:70,0
DA:71,0
DA:72,0
DA:75,0
DA:77,0
DA:80,0
DA:87,0
DA:97,0
DA:109,0
DA:115,0
DA:120,0
DA:126,0
DA:132,0
DA:133,0
DA:134,0
DA:135,0
DA:137,0
DA:138,0
DA:139,0
DA:140,0
DA:142,0
DA:147,0
DA:149,0
DA:150,0
DA:151,0
DA:153,0
DA:156,0
DA:157,0
DA:158,0
DA:161,0
DA:162,0
DA:163,0
DA:164,0
DA:166,0
DA:167,0
DA:168,0
DA:174,0
DA:175,0
DA:177,0
DA:178,0
DA:183,0
DA:184,0
DA:186,0
DA:189,0
DA:190,0
DA:192,0
DA:195,0
DA:198,0
DA:199,0
DA:200,0
DA:201,0
DA:202,0
DA:203,0
DA:205,0
DA:207,0
DA:211,0
DA:212,0
DA:216,0
DA:217,0
DA:221,0
DA:222,0
DA:223,0
DA:226,0
DA:227,0
DA:228,0
DA:229,0
DA:230,0
DA:234,0
DA:235,0
DA:236,0
DA:237,0
DA:238,0
DA:242,0
DA:243,0
DA:247,0
DA:248,0
DA:254,0
DA:255,0
DA:256,0
DA:257,0
DA:258,0
DA:262,0
DA:263,0
DA:264,0
DA:265,0
DA:269,0
DA:273,0
DA:274,0
DA:275,0
DA:276,0
DA:277,0
DA:279,0
DA:280,0
DA:284,0
DA:285,0
DA:286,0
DA:287,0
DA:290,0
DA:291,0
DA:292,0
DA:293,0
DA:294,0
DA:300,0
DA:305,0
DA:306,0
DA:313,0
DA:314,0
DA:316,0
DA:318,0
DA:319,0
DA:321,0
DA:325,0
DA:326,0
DA:329,0
DA:330,0
DA:331,0
DA:332,0
DA:334,0
DA:338,0
DA:339,0
DA:340,0
DA:341,0
DA:347,0
DA:351,0
DA:359,0
DA:360,0
DA:361,0
DA:364,0
DA:365,0
DA:366,0
DA:370,0
DA:371,0
DA:374,0
DA:375,0
DA:376,0
DA:377,0
DA:381,0
DA:382,0
DA:383,0
DA:384,0
DA:385,0
DA:389,0
DA:390,0
DA:391,0
DA:392,0
DA:396,0
DA:400,0
DA:401,0
DA:402,0
DA:403,0
DA:404,0
DA:406,0
DA:408,0
DA:412,0
DA:413,0
DA:414,0
DA:415,0
DA:416,0
DA:420,0
DA:424,0
DA:425,0
DA:426,0
DA:427,0
DA:428,0
DA:429,0
DA:431,0
DA:433,0
DA:437,0
DA:438,0
DA:439,0
DA:440,0
DA:441,0
DA:442,0
DA:446,0
DA:450,0
DA:451,0
DA:452,0
DA:453,0
DA:454,0
DA:458,0
DA:462,0
DA:463,0
DA:464,0
DA:465,0
DA:466,0
DA:468,0
DA:470,0
DA:474,0
DA:475,0
DA:476,0
DA:477,0
DA:478,0
DA:479,0
DA:483,0
DA:487,0
DA:488,0
DA:489,0
DA:490,0
DA:492,0
DA:493,0
DA:494,0
DA:495,0
DA:496,0
DA:502,0
DA:503,0
DA:509,0
DA:510,0
DA:511,0
DA:513,0
DA:518,0
DA:519,0
DA:522,0
DA:523,0
DA:524,0
DA:525,0
DA:529,0
DA:530,0
DA:531,0
DA:532,0
DA:533,0
DA:537,0
DA:538,0
DA:539,0
DA:540,0
DA:541,0
DA:542,0
DA:546,0
DA:547,0
DA:548,0
DA:550,0
DA:552,0
DA:556,0
DA:558,0
DA:568,0
DA:580,0
DA:588,0
DA:599,0
DA:607,0
DA:640,0
DA:654,0
DA:663,0
DA:670,0
DA:717,0
DA:745,0
DA:790,0
DA:797,0
DA:811,0
DA:822,0
DA:834,0
DA:846,0
DA:852,0
DA:856,0
DA:866,0
DA:876,0
DA:888,0
DA:923,0
DA:930,0
DA:941,0
DA:952,0
DA:959,0
DA:966,0
DA:979,0
DA:985,0
DA:992,0
DA:1002,0
DA:1012,0
DA:1020,0
DA:1035,0
DA:1041,0
DA:1045,0
DA:1050,0
DA:1061,0
DA:1067,0
DA:1107,0
DA:1116,0
DA:1127,0
DA:1135,0
DA:1174,0
LF:309
LH:0
BRDA:17,0,0,0
BRDA:17,0,1,0
BRDA:17,1,0,0
BRDA:17,1,1,0
BRDA:18,2,0,0
BRDA:18,2,1,0
BRDA:18,3,0,0
BRDA:18,3,1,0
BRDA:27,4,0,0
BRDA:27,4,1,0
BRDA:34,5,0,0
BRDA:58,6,0,0
BRDA:58,6,1,0
BRDA:70,7,0,0
BRDA:70,7,1,0
BRDA:80,8,0,0
BRDA:109,9,0,0
BRDA:174,10,0,0
BRDA:174,10,1,0
BRDA:183,11,0,0
BRDA:183,11,1,0
BRDA:189,12,0,0
BRDA:189,12,1,0
BRDA:195,13,0,0
BRDA:195,13,1,0
BRDA:256,14,0,0
BRDA:256,14,1,0
BRDA:301,15,0,0
BRDA:301,15,1,0
BRDA:313,16,0,0
BRDA:313,16,1,0
BRDA:329,17,0,0
BRDA:329,17,1,0
BRDA:339,18,0,0
BRDA:339,18,1,0
BRDA:342,19,0,0
BRDA:342,19,1,0
BRDA:343,20,0,0
BRDA:343,20,1,0
BRDA:376,21,0,0
BRDA:376,21,1,0
BRDA:403,22,0,0
BRDA:403,22,1,0
BRDA:428,23,0,0
BRDA:428,23,1,0
BRDA:494,24,0,0
BRDA:494,24,1,0
BRDA:524,25,0,0
BRDA:524,25,1,0
BRDA:621,26,0,0
BRDA:621,26,1,0
BRDA:623,27,0,0
BRDA:623,27,1,0
BRDA:643,28,0,0
BRDA:643,28,1,0
BRDA:649,29,0,0
BRDA:649,29,1,0
BRDA:658,30,0,0
BRDA:658,30,1,0
BRDA:679,31,0,0
BRDA:679,31,1,0
BRDA:694,32,0,0
BRDA:694,32,1,0
BRDA:695,33,0,0
BRDA:695,33,1,0
BRDA:701,34,0,0
BRDA:701,34,1,0
BRDA:702,35,0,0
BRDA:702,35,1,0
BRDA:706,36,0,0
BRDA:706,36,1,0
BRDA:793,37,0,0
BRDA:793,37,1,0
BRDA:895,38,0,0
BRDA:895,38,1,0
BRDA:903,39,0,0
BRDA:903,39,1,0
BRDA:919,40,0,0
BRDA:919,40,1,0
BRDA:926,41,0,0
BRDA:926,41,1,0
BRDA:962,42,0,0
BRDA:962,42,1,0
BRDA:1016,43,0,0
BRDA:1016,43,1,0
BRDA:1073,44,0,0
BRDA:1073,44,1,0
BRDA:1085,45,0,0
BRDA:1085,45,1,0
BRDA:1103,46,0,0
BRDA:1103,46,1,0
BRDA:1131,47,0,0
BRDA:1131,47,1,0
BRDA:1144,48,0,0
BRDA:1144,48,1,0
BRDA:1147,49,0,0
BRDA:1147,49,1,0
BRDA:1157,50,0,0
BRDA:1157,50,1,0
BRDA:1170,51,0,0
BRDA:1170,51,1,0
BRF:101
BRH:0
end_of_record
TN:
SF:src\pages\LoginPage.jsx
FN:12,validatePassword
FN:19,validateLoginForm
FN:30,LoginPage
FN:43,(anonymous_3)
FN:47,(anonymous_4)
FN:56,(anonymous_5)
FN:59,(anonymous_6)
FN:64,(anonymous_7)
FN:71,(anonymous_8)
FN:79,(anonymous_9)
FN:83,(anonymous_10)
FN:84,(anonymous_11)
FN:87,(anonymous_12)
FN:109,(anonymous_13)
FN:120,(anonymous_14)
FNF:15
FNH:0
FNDA:0,validatePassword
FNDA:0,validateLoginForm
FNDA:0,LoginPage
FNDA:0,(anonymous_3)
FNDA:0,(anonymous_4)
FNDA:0,(anonymous_5)
FNDA:0,(anonymous_6)
FNDA:0,(anonymous_7)
FNDA:0,(anonymous_8)
FNDA:0,(anonymous_9)
FNDA:0,(anonymous_10)
FNDA:0,(anonymous_11)
FNDA:0,(anonymous_12)
FNDA:0,(anonymous_13)
FNDA:0,(anonymous_14)
DA:8,0
DA:9,0
DA:10,0
DA:13,0
DA:14,0
DA:16,0
DA:20,0
DA:21,0
DA:22,0
DA:24,0
DA:25,0
DA:27,0
DA:31,0
DA:32,0
DA:33,0
DA:34,0
DA:35,0
DA:37,0
DA:38,0
DA:39,0
DA:40,0
DA:41,0
DA:43,0
DA:44,0
DA:47,0
DA:48,0
DA:49,0
DA:50,0
DA:52,0
DA:53,0
DA:56,0
DA:57,0
DA:58,0
DA:59,0
DA:60,0
DA:64,0
DA:65,0
DA:66,0
DA:67,0
DA:71,0
DA:72,0
DA:74,0
DA:75,0
DA:79,0
DA:80,0
DA:83,0
DA:84,0
DA:87,0
DA:88,0
DA:89,0
DA:91,0
DA:92,0
DA:93,0
DA:96,0
DA:98,0
DA:99,0
DA:101,0
DA:102,0
DA:104,0
DA:107,0
DA:109,0
DA:110,0
DA:111,0
DA:112,0
DA:113,0
DA:115,0
DA:120,0
DA:121,0
DA:122,0
DA:123,0
DA:124,0
DA:127,0
LF:72
LH:0
BRDA:13,0,0,0
BRDA:13,0,1,0
BRDA:21,1,0,0
BRDA:21,1,1,0
BRDA:21,2,0,0
BRDA:21,2,1,0
BRDA:24,3,0,0
BRDA:24,3,1,0
BRDA:24,4,0,0
BRDA:24,4,1,0
BRDA:44,5,0,0
BRDA:44,5,1,0
BRDA:48,6,0,0
BRDA:48,6,1,0
BRDA:48,7,0,0
BRDA:48,7,1,0
BRDA:58,8,0,0
BRDA:58,8,1,0
BRDA:65,9,0,0
BRDA:65,9,1,0
BRDA:66,10,0,0
BRDA:66,10,1,0
BRDA:74,11,0,0
BRDA:74,11,1,0
BRDA:91,12,0,0
BRDA:91,12,1,0
BRDA:101,13,0,0
BRDA:101,13,1,0
BRDA:111,14,0,0
BRDA:111,14,1,0
BRDA:158,15,0,0
BRDA:158,15,1,0
BRDA:158,15,2,0
BRDA:159,16,0,0
BRDA:159,16,1,0
BRDA:162,17,0,0
BRDA:162,17,1,0
BRF:37
BRH:0
end_of_record
TN:
SF:src\pages\ProductsPage.jsx
FN:17,calculateVolume
FN:22,validateProduct
FN:37,sortProducts
FN:38,(anonymous_3)
FN:46,filterProducts
FN:47,(anonymous_5)
FN:83,ProductsPage
FN:99,(anonymous_7)
FN:103,(anonymous_8)
FN:107,(anonymous_9)
FN:108,(anonymous_10)
FN:111,(anonymous_11)
FN:112,(anonymous_12)
FN:115,(anonymous_13)
FN:117,(anonymous_14)
FN:122,(anonymous_15)
FN:127,(anonymous_16)
FN:132,(anonymous_17)
FN:137,(anonymous_18)
FN:139,(anonymous_19)
FN:146,(anonymous_20)
FN:157,(anonymous_21)
FN:163,(anonymous_22)
FN:170,(anonymous_23)
FN:181,(anonymous_24)
FN:211,(anonymous_25)
FN:223,(anonymous_26)
FN:227,(anonymous_27)
FN:235,(anonymous_28)
FN:237,(anonymous_29)
FN:266,(anonymous_30)
FN:275,(anonymous_31)
FN:280,(anonymous_32)
FNF:33
FNH:0
FNDA:0,calculateVolume
FNDA:0,validateProduct
FNDA:0,sortProducts
FNDA:0,(anonymous_3)
FNDA:0,filterProducts
FNDA:0,(anonymous_5)
FNDA:0,ProductsPage
FNDA:0,(anonymous_7)
FNDA:0,(anonymous_8)
FNDA:0,(anonymous_9)
FNDA:0,(anonymous_10)
FNDA:0,(anonymous_11)
FNDA:0,(anonymous_12)
FNDA:0,(anonymous_13)
FNDA:0,(anonymous_14)
FNDA:0,(anonymous_15)
FNDA:0,(anonymous_16)
FNDA:0,(anonymous_17)
FNDA:0,(anonymous_18)
FNDA:0,(anonymous_19)
FNDA:0,(anonymous_20)
FNDA:0,(anonymous_21)
FNDA:0,(anonymous_22)
FNDA:0,(anonymous_23)
FNDA:0,(anonymous_24)
FNDA:0,(anonymous_25)
FNDA:0,(anonymous_26)
FNDA:0,(anonymous_27)
FNDA:0,(anonymous_28)
FNDA:0,(anonymous_29)
FNDA:0,(anonymous_30)
FNDA:0,(anonymous_31)
FNDA:0,(anonymous_32)
DA:10,0
DA:11,0
DA:12,0
DA:13,0
DA:14,0
DA:18,0
DA:23,0
DA:24,0
DA:25,0
DA:27,0
DA:28,0
DA:30,0
DA:31,0
DA:33,0
DA:38,0
DA:39,0
DA:40,0
DA:41,0
DA:47,0
DA:48,0
DA:50,0
DA:51,0
DA:55,0
DA:64,0
DA:76,0
DA:84,0
DA:85,0
DA:86,0
DA:87,0
DA:88,0
DA:89,0
DA:92,0
DA:93,0
DA:94,0
DA:95,0
DA:96,0
DA:99,0
DA:100,0
DA:103,0
DA:104,0
DA:107,0
DA:108,0
DA:111,0
DA:112,0
DA:115,0
DA:116,0
DA:117,0
DA:122,0
DA:123,0
DA:127,0
DA:128,0
DA:132,0
DA:133,0
DA:137,0
DA:138,0
DA:139,0
DA:141,0
DA:142,0
DA:146,0
DA:147,0
DA:148,0
DA:157,0
DA:158,0
DA:159,0
DA:163,0
DA:164,0
DA:165,0
DA:166,0
DA:170,0
DA:171,0
DA:178,0
DA:181,0
DA:182,0
DA:185,0
DA:187,0
DA:196,0
DA:198,0
DA:199,0
DA:200,0
DA:202,0
DA:204,0
DA:205,0
DA:207,0
DA:211,0
DA:212,0
DA:213,0
DA:214,0
DA:215,0
DA:216,0
DA:218,0
DA:223,0
DA:224,0
DA:225,0
DA:226,0
DA:227,0
DA:228,0
DA:230,0
DA:235,0
DA:236,0
DA:237,0
DA:238,0
DA:240,0
DA:242,0
DA:245,0
DA:267,0
DA:275,0
DA:280,0
LF:107
LH:0
BRDA:24,0,0,0
BRDA:24,0,1,0
BRDA:24,1,0,0
BRDA:24,1,1,0
BRDA:27,2,0,0
BRDA:27,2,1,0
BRDA:27,3,0,0
BRDA:27,3,1,0
BRDA:30,4,0,0
BRDA:30,4,1,0
BRDA:30,5,0,0
BRDA:30,5,1,0
BRDA:41,6,0,0
BRDA:41,6,1,0
BRDA:48,7,0,0
BRDA:48,7,1,0
BRDA:50,8,0,0
BRDA:50,8,1,0
BRDA:51,9,0,0
BRDA:51,9,1,0
BRDA:108,10,0,0
BRDA:108,10,1,0
BRDA:112,11,0,0
BRDA:112,11,1,0
BRDA:138,12,0,0
BRDA:138,12,1,0
BRDA:139,13,0,0
BRDA:139,13,1,0
BRDA:199,14,0,0
BRDA:199,14,1,0
BRDA:213,15,0,0
BRDA:213,15,1,0
BRDA:225,16,0,0
BRDA:225,16,1,0
BRDA:249,17,0,0
BRDA:249,17,1,0
BRDA:251,18,0,0
BRDA:251,18,1,0
BRDA:287,19,0,0
BRDA:287,19,1,0
BRDA:301,20,0,0
BRDA:301,20,1,0
BRDA:302,21,0,0
BRDA:302,21,1,0
BRDA:366,22,0,0
BRDA:366,22,1,0
BRF:46
BRH:0
end_of_record
TN:
SF:src\pages\UsersPage.jsx
FN:23,isValidRole
FN:24,(anonymous_1)
FN:28,searchUsers
FN:31,(anonymous_3)
FN:38,sortUsers
FN:39,(anonymous_5)
FN:64,UsersPage
FN:84,(anonymous_7)
FN:92,(anonymous_8)
FN:97,(anonymous_9)
FN:99,(anonymous_10)
FN:106,(anonymous_11)
FN:112,(anonymous_12)
FN:113,(anonymous_13)
FN:116,(anonymous_14)
FN:119,(anonymous_15)
FN:124,(anonymous_16)
FN:129,(anonymous_17)
FN:131,(anonymous_18)
FN:139,(anonymous_19)
FN:140,(anonymous_20)
FN:142,(anonymous_21)
FN:147,(anonymous_22)
FN:151,(anonymous_23)
FN:155,(anonymous_24)
FN:165,(anonymous_25)
FN:171,(anonymous_26)
FN:178,(anonymous_27)
FN:192,(anonymous_28)
FN:220,(anonymous_29)
FN:228,(anonymous_30)
FN:237,(anonymous_31)
FN:251,(anonymous_32)
FN:263,(anonymous_33)
FN:266,(anonymous_34)
FN:290,(anonymous_35)
FN:299,(anonymous_36)
FN:304,(anonymous_37)
FN:359,(anonymous_38)
FNF:39
FNH:0
FNDA:0,isValidRole
FNDA:0,(anonymous_1)
FNDA:0,searchUsers
FNDA:0,(anonymous_3)
FNDA:0,sortUsers
FNDA:0,(anonymous_5)
FNDA:0,UsersPage
FNDA:0,(anonymous_7)
FNDA:0,(anonymous_8)
FNDA:0,(anonymous_9)
FNDA:0,(anonymous_10)
FNDA:0,(anonymous_11)
FNDA:0,(anonymous_12)
FNDA:0,(anonymous_13)
FNDA:0,(anonymous_14)
FNDA:0,(anonymous_15)
FNDA:0,(anonymous_16)
FNDA:0,(anonymous_17)
FNDA:0,(anonymous_18)
FNDA:0,(anonymous_19)
FNDA:0,(anonymous_20)
FNDA:0,(anonymous_21)
FNDA:0,(anonymous_22)
FNDA:0,(anonymous_23)
FNDA:0,(anonymous_24)
FNDA:0,(anonymous_25)
FNDA:0,(anonymous_26)
FNDA:0,(anonymous_27)
FNDA:0,(anonymous_28)
FNDA:0,(anonymous_29)
FNDA:0,(anonymous_30)
FNDA:0,(anonymous_31)
FNDA:0,(anonymous_32)
FNDA:0,(anonymous_33)
FNDA:0,(anonymous_34)
FNDA:0,(anonymous_35)
FNDA:0,(anonymous_36)
FNDA:0,(anonymous_37)
FNDA:0,(anonymous_38)
DA:11,0
DA:12,0
DA:13,0
DA:16,0
DA:24,0
DA:29,0
DA:30,0
DA:31,0
DA:32,0
DA:39,0
DA:40,0
DA:41,0
DA:42,0
DA:43,0
DA:47,0
DA:55,0
DA:65,0
DA:66,0
DA:67,0
DA:68,0
DA:69,0
DA:70,0
DA:71,0
DA:74,0
DA:75,0
DA:76,0
DA:77,0
DA:78,0
DA:79,0
DA:80,0
DA:81,0
DA:84,0
DA:85,0
DA:86,0
DA:87,0
DA:89,0
DA:92,0
DA:93,0
DA:94,0
DA:97,0
DA:98,0
DA:99,0
DA:103,0
DA:106,0
DA:107,0
DA:112,0
DA:113,0
DA:114,0
DA:116,0
DA:119,0
DA:120,0
DA:124,0
DA:125,0
DA:129,0
DA:130,0
DA:131,0
DA:133,0
DA:134,0
DA:139,0
DA:140,0
DA:141,0
DA:142,0
DA:147,0
DA:148,0
DA:149,0
DA:151,0
DA:155,0
DA:156,0
DA:157,0
DA:165,0
DA:166,0
DA:167,0
DA:171,0
DA:172,0
DA:173,0
DA:174,0
DA:178,0
DA:179,0
DA:180,0
DA:181,0
DA:183,0
DA:184,0
DA:186,0
DA:187,0
DA:189,0
DA:192,0
DA:193,0
DA:196,0
DA:198,0
DA:199,0
DA:200,0
DA:205,0
DA:206,0
DA:208,0
DA:210,0
DA:212,0
DA:213,0
DA:215,0
DA:220,0
DA:221,0
DA:222,0
DA:225,0
DA:226,0
DA:227,0
DA:228,0
DA:230,0
DA:231,0
DA:233,0
DA:237,0
DA:238,0
DA:241,0
DA:242,0
DA:243,0
DA:244,0
DA:246,0
DA:251,0
DA:252,0
DA:255,0
DA:263,0
DA:267,0
DA:291,0
DA:299,0
DA:304,0
DA:360,0
LF:124
LH:0
BRDA:29,0,0,0
BRDA:29,0,1,0
BRDA:32,1,0,0
BRDA:32,1,1,0
BRDA:42,2,0,0
BRDA:42,2,1,0
BRDA:42,3,0,0
BRDA:42,3,1,0
BRDA:43,4,0,0
BRDA:43,4,1,0
BRDA:86,5,0,0
BRDA:86,5,1,0
BRDA:99,6,0,0
BRDA:99,6,1,0
BRDA:130,7,0,0
BRDA:130,7,1,0
BRDA:131,8,0,0
BRDA:131,8,1,0
BRDA:141,9,0,0
BRDA:141,9,1,0
BRDA:148,10,0,0
BRDA:148,10,1,0
BRDA:180,11,0,0
BRDA:180,11,1,0
BRDA:180,12,0,0
BRDA:180,12,1,0
BRDA:183,13,0,0
BRDA:183,13,1,0
BRDA:183,14,0,0
BRDA:183,14,1,0
BRDA:186,15,0,0
BRDA:186,15,1,0
BRDA:186,16,0,0
BRDA:186,16,1,0
BRDA:186,16,2,0
BRDA:199,17,0,0
BRDA:199,17,1,0
BRDA:203,18,0,0
BRDA:203,18,1,0
BRDA:205,19,0,0
BRDA:205,19,1,0
BRDA:221,20,0,0
BRDA:221,20,1,0
BRDA:225,21,0,0
BRDA:225,21,1,0
BRDA:241,22,0,0
BRDA:241,22,1,0
BRDA:273,23,0,0
BRDA:273,23,1,0
BRDA:275,24,0,0
BRDA:275,24,1,0
BRDA:311,25,0,0
BRDA:311,25,1,0
BRDA:325,26,0,0
BRDA:325,26,1,0
BRDA:326,27,0,0
BRDA:326,27,1,0
BRDA:367,28,0,0
BRDA:367,28,1,0
BRDA:373,29,0,0
BRDA:373,29,1,0
BRDA:378,30,0,0
BRDA:378,30,1,0
BRF:63
BRH:0
end_of_record
TN:
SF:src\pages\VehiclesPage.jsx
FN:33,validateLicensePlate
FN:42,validateCapacity
FN:54,sortVehicles
FN:55,(anonymous_3)
FN:85,VehiclesPage
FN:101,(anonymous_5)
FN:104,(anonymous_6)
FN:110,(anonymous_7)
FN:114,(anonymous_8)
FN:115,(anonymous_9)
FN:121,(anonymous_10)
FN:125,(anonymous_11)
FN:135,(anonymous_12)
FN:140,(anonymous_13)
FN:145,(anonymous_14)
FN:149,(anonymous_15)
FN:151,(anonymous_16)
FN:158,(anonymous_17)
FN:168,(anonymous_18)
FN:174,(anonymous_19)
FN:181,(anonymous_20)
FN:191,(anonymous_21)
FN:216,(anonymous_22)
FN:228,(anonymous_23)
FN:236,(anonymous_24)
FN:246,(anonymous_25)
FN:271,(anonymous_26)
FN:278,(anonymous_27)
FN:283,(anonymous_28)
FNF:29
FNH:0
FNDA:0,validateLicensePlate
FNDA:0,validateCapacity
FNDA:0,sortVehicles
FNDA:0,(anonymous_3)
FNDA:0,VehiclesPage
FNDA:0,(anonymous_5)
FNDA:0,(anonymous_6)
FNDA:0,(anonymous_7)
FNDA:0,(anonymous_8)
FNDA:0,(anonymous_9)
FNDA:0,(anonymous_10)
FNDA:0,(anonymous_11)
FNDA:0,(anonymous_12)
FNDA:0,(anonymous_13)
FNDA:0,(anonymous_14)
FNDA:0,(anonymous_15)
FNDA:0,(anonymous_16)
FNDA:0,(anonymous_17)
FNDA:0,(anonymous_18)
FNDA:0,(anonymous_19)
FNDA:0,(anonymous_20)
FNDA:0,(anonymous_21)
FNDA:0,(anonymous_22)
FNDA:0,(anonymous_23)
FNDA:0,(anonymous_24)
FNDA:0,(anonymous_25)
FNDA:0,(anonymous_26)
FNDA:0,(anonymous_27)
FNDA:0,(anonymous_28)
DA:11,0
DA:12,0
DA:13,0
DA:14,0
DA:15,0
DA:18,0
DA:25,0
DA:34,0
DA:35,0
DA:36,0
DA:38,0
DA:43,0
DA:44,0
DA:45,0
DA:47,0
DA:48,0
DA:50,0
DA:55,0
DA:56,0
DA:57,0
DA:58,0
DA:59,0
DA:63,0
DA:67,0
DA:75,0
DA:86,0
DA:87,0
DA:88,0
DA:89,0
DA:90,0
DA:91,0
DA:94,0
DA:95,0
DA:96,0
DA:97,0
DA:98,0
DA:101,0
DA:102,0
DA:103,0
DA:104,0
DA:105,0
DA:110,0
DA:111,0
DA:114,0
DA:115,0
DA:121,0
DA:122,0
DA:124,0
DA:125,0
DA:129,0
DA:130,0
DA:131,0
DA:135,0
DA:136,0
DA:140,0
DA:141,0
DA:145,0
DA:146,0
DA:149,0
DA:150,0
DA:151,0
DA:153,0
DA:154,0
DA:158,0
DA:159,0
DA:160,0
DA:168,0
DA:169,0
DA:170,0
DA:174,0
DA:175,0
DA:176,0
DA:177,0
DA:181,0
DA:182,0
DA:183,0
DA:185,0
DA:191,0
DA:192,0
DA:195,0
DA:197,0
DA:198,0
DA:204,0
DA:205,0
DA:207,0
DA:209,0
DA:210,0
DA:212,0
DA:216,0
DA:217,0
DA:218,0
DA:219,0
DA:220,0
DA:221,0
DA:223,0
DA:228,0
DA:229,0
DA:230,0
DA:233,0
DA:234,0
DA:235,0
DA:236,0
DA:238,0
DA:239,0
DA:241,0
DA:246,0
DA:247,0
DA:250,0
DA:272,0
DA:278,0
DA:283,0
LF:111
LH:0
BRDA:34,0,0,0
BRDA:34,0,1,0
BRDA:35,1,0,0
BRDA:35,1,1,0
BRDA:44,2,0,0
BRDA:44,2,1,0
BRDA:44,3,0,0
BRDA:44,3,1,0
BRDA:47,4,0,0
BRDA:47,4,1,0
BRDA:47,5,0,0
BRDA:47,5,1,0
BRDA:58,6,0,0
BRDA:58,6,1,0
BRDA:59,7,0,0
BRDA:59,7,1,0
BRDA:63,8,0,0
BRDA:63,8,1,0
BRDA:102,9,0,0
BRDA:102,9,1,0
BRDA:105,10,0,0
BRDA:105,10,1,0
BRDA:116,11,0,0
BRDA:116,11,1,0
BRDA:117,12,0,0
BRDA:117,12,1,0
BRDA:129,13,0,0
BRDA:129,13,1,0
BRDA:150,14,0,0
BRDA:150,14,1,0
BRDA:151,15,0,0
BRDA:151,15,1,0
BRDA:183,16,0,0
BRDA:183,16,1,0
BRDA:204,17,0,0
BRDA:204,17,1,0
BRDA:218,18,0,0
BRDA:218,18,1,0
BRDA:229,19,0,0
BRDA:229,19,1,0
BRDA:233,20,0,0
BRDA:233,20,1,0
BRDA:254,21,0,0
BRDA:254,21,1,0
BRDA:256,22,0,0
BRDA:256,22,1,0
BRDA:290,23,0,0
BRDA:290,23,1,0
BRDA:304,24,0,0
BRDA:304,24,1,0
BRDA:305,25,0,0
BRDA:305,25,1,0
BRDA:355,26,0,0
BRDA:355,26,1,0
BRF:54
BRH:0
end_of_record
TN:
SF:src\state\AuthContext.jsx
FN:15,isTokenExpired
FN:25,getTokenPayload
FN:34,AuthProvider
FN:35,(anonymous_3)
FN:36,(anonymous_4)
FN:47,(anonymous_5)
FN:48,(anonymous_6)
FN:55,(anonymous_7)
FN:63,(anonymous_8)
FN:91,(anonymous_9)
FN:108,(anonymous_10)
FN:121,(anonymous_11)
FN:128,(anonymous_12)
FN:147,(anonymous_13)
FN:153,(anonymous_14)
FNF:15
FNH:0
FNDA:0,isTokenExpired
FNDA:0,getTokenPayload
FNDA:0,AuthProvider
FNDA:0,(anonymous_3)
FNDA:0,(anonymous_4)
FNDA:0,(anonymous_5)
FNDA:0,(anonymous_6)
FNDA:0,(anonymous_7)
FNDA:0,(anonymous_8)
FNDA:0,(anonymous_9)
FNDA:0,(anonymous_10)
FNDA:0,(anonymous_11)
FNDA:0,(anonymous_12)
FNDA:0,(anonymous_13)
FNDA:0,(anonymous_14)
DA:4,0
DA:5,0
DA:6,0
DA:8,0
DA:9,0
DA:10,0
DA:12,0
DA:13,0
DA:16,0
DA:17,0
DA:18,0
DA:19,0
DA:21,0
DA:26,0
DA:27,0
DA:28,0
DA:30,0
DA:35,0
DA:36,0
DA:37,0
DA:38,0
DA:40,0
DA:41,0
DA:43,0
DA:44,0
DA:45,0
DA:47,0
DA:48,0
DA:49,0
DA:51,0
DA:52,0
DA:55,0
DA:56,0
DA:57,0
DA:58,0
DA:59,0
DA:63,0
DA:64,0
DA:65,0
DA:67,0
DA:69,0
DA:70,0
DA:74,0
DA:75,0
DA:77,0
DA:79,0
DA:80,0
DA:81,0
DA:82,0
DA:84,0
DA:85,0
DA:87,0
DA:91,0
DA:92,0
DA:93,0
DA:94,0
DA:95,0
DA:99,0
DA:100,0
DA:102,0
DA:104,0
DA:108,0
DA:109,0
DA:110,0
DA:112,0
DA:113,0
DA:114,0
DA:116,0
DA:117,0
DA:118,0
DA:121,0
DA:122,0
DA:123,0
DA:124,0
DA:127,0
DA:128,0
DA:144,0
DA:147,0
DA:148,0
DA:149,0
DA:150,0
DA:153,0
DA:154,0
DA:155,0
LF:84
LH:0
BRDA:16,0,0,0
BRDA:16,0,1,0
BRDA:26,1,0,0
BRDA:26,1,1,0
BRDA:38,2,0,0
BRDA:38,2,1,0
BRDA:57,3,0,0
BRDA:57,3,1,0
BRDA:92,4,0,0
BRDA:92,4,1,0
BRDA:92,5,0,0
BRDA:92,5,1,0
BRDA:149,6,0,0
BRDA:149,6,1,0
BRDA:156,7,0,0
BRDA:156,7,1,0
BRF:16
BRH:0
end_of_record
TN:
SF:src\utils\apiHelpers.js
FN:11,handleApiRequest
FN:52,loadWithStandardPattern
FN:69,handleFormSubmit
FNF:3
FNH:3
FNDA:20,handleApiRequest
FNDA:7,loadWithStandardPattern
FNDA:13,handleFormSubmit
DA:18,20
DA:20,20
DA:21,18
DA:24,20
DA:25,20
DA:26,11
DA:27,5
DA:29,11
DA:31,9
DA:32,9
DA:33,9
DA:35,9
DA:36,1
DA:38,9
DA:40,20
DA:41,18
DA:53,7
DA:55,7
DA:75,13
DA:77,13
DA:78,2
DA:81,11
DA:82,11
DA:83,6
DA:84,1
DA:86,6
DA:87,1
DA:89,6
DA:91,5
DA:92,2
DA:94,5
LF:31
LH:31
BRDA:11,0,0,1
BRDA:17,1,0,19
BRDA:20,2,0,18
BRDA:20,2,1,2
BRDA:20,3,0,20
BRDA:20,3,1,19
BRDA:26,4,0,5
BRDA:26,4,1,6
BRDA:31,5,0,9
BRDA:31,5,1,1
BRDA:32,6,0,9
BRDA:32,6,1,0
BRDA:35,7,0,1
BRDA:35,7,1,8
BRDA:40,8,0,18
BRDA:40,8,1,2
BRDA:40,9,0,20
BRDA:40,9,1,19
BRDA:69,10,0,1
BRDA:77,11,0,2
BRDA:77,11,1,11
BRDA:77,12,0,13
BRDA:77,12,1,3
BRDA:83,13,0,1
BRDA:83,13,1,5
BRDA:86,14,0,1
BRDA:86,14,1,5
BRDA:91,15,0,2
BRDA:91,15,1,3
BRF:29
BRH:28
end_of_record
TN:
SF:src\utils\csvExport.js
FN:12,exportToCsv
FN:16,(anonymous_1)
FN:36,exportUsersToCsv
FN:38,(anonymous_3)
FN:48,exportVehiclesToCsv
FN:50,(anonymous_5)
FNF:6
FNH:6
FNDA:22,exportToCsv
FNDA:2,(anonymous_1)
FNDA:4,exportUsersToCsv
FNDA:4,(anonymous_3)
FNDA:5,exportVehiclesToCsv
FNDA:5,(anonymous_5)
DA:13,22
DA:15,17
DA:16,2
DA:19,17
DA:20,17
DA:22,17
DA:23,17
DA:24,17
DA:25,17
DA:26,17
DA:27,17
DA:28,17
DA:37,4
DA:38,4
DA:39,4
DA:41,4
DA:49,5
DA:50,5
DA:51,5
DA:53,5
LF:20
LH:20
BRDA:13,0,0,5
BRDA:13,0,1,17
BRDA:13,1,0,22
BRDA:13,1,1,21
BRDA:15,2,0,1
BRDA:15,2,1,16
BRDA:16,3,0,2
BRDA:16,3,1,0
BRF:8
BRH:7
end_of_record
TN:
SF:src\utils\formHelpers.js
FN:10,updateFormField
FN:12,(anonymous_1)
FN:23,updateNestedField
FN:24,(anonymous_3)
FN:40,updateDeepNestedField
FN:41,(anonymous_5)
FN:59,addFormItem
FN:60,(anonymous_7)
FN:73,removeFormItem
FN:74,(anonymous_9)
FN:76,(anonymous_10)
FN:87,resetForm
FN:100,handleFilterChange
FN:102,(anonymous_13)
FN:111,applyFilters
FN:122,clearFilters
FNF:16
FNH:16
FNDA:3,updateFormField
FNDA:3,(anonymous_1)
FNDA:3,updateNestedField
FNDA:3,(anonymous_3)
FNDA:2,updateDeepNestedField
FNDA:2,(anonymous_5)
FNDA:2,addFormItem
FNDA:2,(anonymous_7)
FNDA:3,removeFormItem
FNDA:3,(anonymous_9)
FNDA:5,(anonymous_10)
FNDA:2,resetForm
FNDA:2,handleFilterChange
FNDA:1,(anonymous_13)
FNDA:1,applyFilters
FNDA:2,clearFilters
DA:11,3
DA:12,3
DA:24,3
DA:25,3
DA:26,3
DA:27,3
DA:41,2
DA:42,2
DA:43,2
DA:44,2
DA:45,2
DA:49,2
DA:60,2
DA:74,3
DA:75,3
DA:76,5
DA:77,2
DA:88,2
DA:89,2
DA:90,1
DA:101,2
DA:102,2
DA:112,1
DA:113,1
DA:123,2
DA:124,2
LF:26
LH:26
BRDA:23,0,0,1
BRDA:73,1,0,0
BRDA:75,2,0,1
BRDA:75,2,1,2
BRDA:89,3,0,1
BRDA:89,3,1,1
BRDA:122,4,0,1
BRF:7
BRH:6
end_of_record
TN:
SF:src\utils\format.js
FN:22,padZero
FN:26,(anonymous_1)
FN:35,(anonymous_2)
FN:41,(anonymous_3)
FN:49,(anonymous_4)
FN:60,(anonymous_5)
FN:69,(anonymous_6)
FN:77,(anonymous_7)
FN:85,(anonymous_8)
FN:90,(anonymous_9)
FNF:10
FNH:0
FNDA:0,padZero
FNDA:0,(anonymous_1)
FNDA:0,(anonymous_2)
FNDA:0,(anonymous_3)
FNDA:0,(anonymous_4)
FNDA:0,(anonymous_5)
FNDA:0,(anonymous_6)
FNDA:0,(anonymous_7)
FNDA:0,(anonymous_8)
FNDA:0,(anonymous_9)
DA:1,0
DA:7,0
DA:12,0
DA:13,0
DA:14,0
DA:16,0
DA:23,0
DA:26,0
DA:27,0
DA:28,0
DA:29,0
DA:30,0
DA:31,0
DA:32,0
DA:35,0
DA:36,0
DA:37,0
DA:38,0
DA:41,0
DA:42,0
DA:43,0
DA:44,0
DA:45,0
DA:46,0
DA:49,0
DA:50,0
DA:51,0
DA:52,0
DA:53,0
DA:55,0
DA:56,0
DA:57,0
DA:60,0
DA:61,0
DA:62,0
DA:63,0
DA:64,0
DA:65,0
DA:66,0
DA:69,0
DA:70,0
DA:71,0
DA:77,0
DA:78,0
DA:79,0
DA:85,0
DA:86,0
DA:87,0
DA:90,0
DA:91,0
DA:92,0
LF:51
LH:0
BRDA:23,0,0,0
BRDA:23,0,1,0
BRDA:27,1,0,0
BRDA:27,1,1,0
BRDA:28,2,0,0
BRDA:28,2,1,0
BRDA:36,3,0,0
BRDA:36,3,1,0
BRDA:37,4,0,0
BRDA:37,4,1,0
BRDA:42,5,0,0
BRDA:42,5,1,0
BRDA:49,6,0,0
BRDA:50,7,0,0
BRDA:50,7,1,0
BRDA:52,8,0,0
BRDA:52,8,1,0
BRDA:69,9,0,0
BRDA:70,10,0,0
BRDA:70,10,1,0
BRDA:70,11,0,0
BRDA:70,11,1,0
BRDA:77,12,0,0
BRDA:78,13,0,0
BRDA:78,13,1,0
BRDA:78,14,0,0
BRDA:78,14,1,0
BRDA:87,15,0,0
BRDA:87,15,1,0
BRF:29
BRH:0
end_of_record
TN:
SF:src\utils\urlBuilder.js
FN:12,buildUrl
FN:17,(anonymous_1)
FN:33,constructApiUrl
FN:42,formatQueryString
FN:44,(anonymous_4)
FN:45,(anonymous_5)
FNF:6
FNH:6
FNDA:18,buildUrl
FNDA:24,(anonymous_1)
FNDA:2,constructApiUrl
FNDA:10,formatQueryString
FNDA:24,(anonymous_4)
FNDA:22,(anonymous_5)
DA:13,18
DA:14,18
DA:16,18
DA:17,18
DA:18,24
DA:19,21
DA:23,18
DA:34,2
DA:43,10
DA:44,24
DA:45,22
LF:11
LH:11
BRDA:12,0,0,1
BRDA:12,1,0,13
BRDA:13,2,0,2
BRDA:13,2,1,16
BRDA:16,3,0,18
BRDA:16,3,1,0
BRDA:18,4,0,3
BRDA:18,4,1,21
BRDA:18,5,0,24
BRDA:18,5,1,23
BRDA:18,5,2,22
BRDA:33,6,0,0
BRDA:33,7,0,1
BRDA:44,8,0,24
BRDA:44,8,1,23
BRF:15
BRH:13
end_of_record
